The target system is: Linux - 4.9 - arm
The host system is: Linux - 4.13.0-32-generic - x86_64
Compiling the C compiler identification source file "CMakeCCompilerId.c" succeeded.
Compiler: /home/simon/setr/arm-cross-comp-env/arm-raspbian-linux-gnueabihf/bin/arm-raspbian-linux-gnueabihf-gcc 
Build flags: -Wl,-rpath-link,/home/simon/setr/arm-cross-comp-env/arm-raspbian-linux-gnueabihf/arm-raspbian-linux-gnueabihf/sysroot/opt/vc/lib;-Wl,-rpath-link,/home/simon/setr/arm-cross-comp-env/arm-raspbian-linux-gnueabihf/arm-raspbian-linux-gnueabihf/sysroot/lib/arm-linux-gnueabihf;-Wl,-rpath-link,/home/simon/setr/arm-cross-comp-env/arm-raspbian-linux-gnueabihf/arm-raspbian-linux-gnueabihf/sysroot/usr/lib/arm-linux-gnueabihf;-Wl,-rpath-link,/home/simon/setr/arm-cross-comp-env/arm-raspbian-linux-gnueabihf/arm-raspbian-linux-gnueabihf/sysroot/usr/local/lib
Id flags: 

The output was:
0


Compilation of the C compiler identification source "CMakeCCompilerId.c" produced "a.out"

The C compiler identification is GNU, found in "/home/simon/setr/Projets/laboratoire2/daemonFuse/build/CMakeFiles/3.5.1/CompilerIdC/a.out"

Compiling the CXX compiler identification source file "CMakeCXXCompilerId.cpp" succeeded.
Compiler: /home/simon/setr/arm-cross-comp-env/arm-raspbian-linux-gnueabihf/bin/arm-raspbian-linux-gnueabihf-g++ 
Build flags: -Wl,-rpath-link,/home/simon/setr/arm-cross-comp-env/arm-raspbian-linux-gnueabihf/arm-raspbian-linux-gnueabihf/sysroot/opt/vc/lib;-Wl,-rpath-link,/home/simon/setr/arm-cross-comp-env/arm-raspbian-linux-gnueabihf/arm-raspbian-linux-gnueabihf/sysroot/lib/arm-linux-gnueabihf;-Wl,-rpath-link,/home/simon/setr/arm-cross-comp-env/arm-raspbian-linux-gnueabihf/arm-raspbian-linux-gnueabihf/sysroot/usr/lib/arm-linux-gnueabihf;-Wl,-rpath-link,/home/simon/setr/arm-cross-comp-env/arm-raspbian-linux-gnueabihf/arm-raspbian-linux-gnueabihf/sysroot/usr/local/lib
Id flags: 

The output was:
0


Compilation of the CXX compiler identification source "CMakeCXXCompilerId.cpp" produced "a.out"

The CXX compiler identification is GNU, found in "/home/simon/setr/Projets/laboratoire2/daemonFuse/build/CMakeFiles/3.5.1/CompilerIdCXX/a.out"

Determining if the C compiler works passed with the following output:
Change Dir: /home/simon/setr/Projets/laboratoire2/daemonFuse/build/CMakeFiles/CMakeTmp

Run Build Command:"/usr/bin/make" "cmTC_f9e90/fast"
/usr/bin/make -f CMakeFiles/cmTC_f9e90.dir/build.make CMakeFiles/cmTC_f9e90.dir/build
make[1]: Entering directory '/home/simon/setr/Projets/laboratoire2/daemonFuse/build/CMakeFiles/CMakeTmp'
Building C object CMakeFiles/cmTC_f9e90.dir/testCCompiler.c.o
/home/simon/setr/arm-cross-comp-env/arm-raspbian-linux-gnueabihf/bin/arm-raspbian-linux-gnueabihf-gcc  --sysroot=/home/simon/setr/arm-cross-comp-env/arm-raspbian-linux-gnueabihf/arm-raspbian-linux-gnueabihf/sysroot   -Wl,-rpath-link,/home/simon/setr/arm-cross-comp-env/arm-raspbian-linux-gnueabihf/arm-raspbian-linux-gnueabihf/sysroot/opt/vc/lib -Wl,-rpath-link,/home/simon/setr/arm-cross-comp-env/arm-raspbian-linux-gnueabihf/arm-raspbian-linux-gnueabihf/sysroot/lib/arm-linux-gnueabihf -Wl,-rpath-link,/home/simon/setr/arm-cross-comp-env/arm-raspbian-linux-gnueabihf/arm-raspbian-linux-gnueabihf/sysroot/usr/lib/arm-linux-gnueabihf -Wl,-rpath-link,/home/simon/setr/arm-cross-comp-env/arm-raspbian-linux-gnueabihf/arm-raspbian-linux-gnueabihf/sysroot/usr/local/lib    -o CMakeFiles/cmTC_f9e90.dir/testCCompiler.c.o   -c /home/simon/setr/Projets/laboratoire2/daemonFuse/build/CMakeFiles/CMakeTmp/testCCompiler.c
Linking C executable cmTC_f9e90
/usr/bin/cmake -E cmake_link_script CMakeFiles/cmTC_f9e90.dir/link.txt --verbose=1
/home/simon/setr/arm-cross-comp-env/arm-raspbian-linux-gnueabihf/bin/arm-raspbian-linux-gnueabihf-gcc  --sysroot=/home/simon/setr/arm-cross-comp-env/arm-raspbian-linux-gnueabihf/arm-raspbian-linux-gnueabihf/sysroot -Wl,-rpath-link,/home/simon/setr/arm-cross-comp-env/arm-raspbian-linux-gnueabihf/arm-raspbian-linux-gnueabihf/sysroot/opt/vc/lib -Wl,-rpath-link,/home/simon/setr/arm-cross-comp-env/arm-raspbian-linux-gnueabihf/arm-raspbian-linux-gnueabihf/sysroot/lib/arm-linux-gnueabihf -Wl,-rpath-link,/home/simon/setr/arm-cross-comp-env/arm-raspbian-linux-gnueabihf/arm-raspbian-linux-gnueabihf/sysroot/usr/lib/arm-linux-gnueabihf -Wl,-rpath-link,/home/simon/setr/arm-cross-comp-env/arm-raspbian-linux-gnueabihf/arm-raspbian-linux-gnueabihf/sysroot/usr/local/lib     CMakeFiles/cmTC_f9e90.dir/testCCompiler.c.o  -o cmTC_f9e90 -rdynamic 
make[1]: Leaving directory '/home/simon/setr/Projets/laboratoire2/daemonFuse/build/CMakeFiles/CMakeTmp'


Detecting C compiler ABI info compiled with the following output:
Change Dir: /home/simon/setr/Projets/laboratoire2/daemonFuse/build/CMakeFiles/CMakeTmp

Run Build Command:"/usr/bin/make" "cmTC_f24e0/fast"
/usr/bin/make -f CMakeFiles/cmTC_f24e0.dir/build.make CMakeFiles/cmTC_f24e0.dir/build
make[1]: Entering directory '/home/simon/setr/Projets/laboratoire2/daemonFuse/build/CMakeFiles/CMakeTmp'
Building C object CMakeFiles/cmTC_f24e0.dir/CMakeCCompilerABI.c.o
/home/simon/setr/arm-cross-comp-env/arm-raspbian-linux-gnueabihf/bin/arm-raspbian-linux-gnueabihf-gcc  --sysroot=/home/simon/setr/arm-cross-comp-env/arm-raspbian-linux-gnueabihf/arm-raspbian-linux-gnueabihf/sysroot   -Wl,-rpath-link,/home/simon/setr/arm-cross-comp-env/arm-raspbian-linux-gnueabihf/arm-raspbian-linux-gnueabihf/sysroot/opt/vc/lib -Wl,-rpath-link,/home/simon/setr/arm-cross-comp-env/arm-raspbian-linux-gnueabihf/arm-raspbian-linux-gnueabihf/sysroot/lib/arm-linux-gnueabihf -Wl,-rpath-link,/home/simon/setr/arm-cross-comp-env/arm-raspbian-linux-gnueabihf/arm-raspbian-linux-gnueabihf/sysroot/usr/lib/arm-linux-gnueabihf -Wl,-rpath-link,/home/simon/setr/arm-cross-comp-env/arm-raspbian-linux-gnueabihf/arm-raspbian-linux-gnueabihf/sysroot/usr/local/lib    -o CMakeFiles/cmTC_f24e0.dir/CMakeCCompilerABI.c.o   -c /usr/share/cmake-3.5/Modules/CMakeCCompilerABI.c
Linking C executable cmTC_f24e0
/usr/bin/cmake -E cmake_link_script CMakeFiles/cmTC_f24e0.dir/link.txt --verbose=1
/home/simon/setr/arm-cross-comp-env/arm-raspbian-linux-gnueabihf/bin/arm-raspbian-linux-gnueabihf-gcc  --sysroot=/home/simon/setr/arm-cross-comp-env/arm-raspbian-linux-gnueabihf/arm-raspbian-linux-gnueabihf/sysroot -Wl,-rpath-link,/home/simon/setr/arm-cross-comp-env/arm-raspbian-linux-gnueabihf/arm-raspbian-linux-gnueabihf/sysroot/opt/vc/lib -Wl,-rpath-link,/home/simon/setr/arm-cross-comp-env/arm-raspbian-linux-gnueabihf/arm-raspbian-linux-gnueabihf/sysroot/lib/arm-linux-gnueabihf -Wl,-rpath-link,/home/simon/setr/arm-cross-comp-env/arm-raspbian-linux-gnueabihf/arm-raspbian-linux-gnueabihf/sysroot/usr/lib/arm-linux-gnueabihf -Wl,-rpath-link,/home/simon/setr/arm-cross-comp-env/arm-raspbian-linux-gnueabihf/arm-raspbian-linux-gnueabihf/sysroot/usr/local/lib    -v CMakeFiles/cmTC_f24e0.dir/CMakeCCompilerABI.c.o  -o cmTC_f24e0 -rdynamic  
Using built-in specs.
COLLECT_GCC=/home/simon/setr/arm-cross-comp-env/arm-raspbian-linux-gnueabihf/bin/arm-raspbian-linux-gnueabihf-gcc
COLLECT_LTO_WRAPPER=/home/simon/setr/arm-cross-comp-env/arm-raspbian-linux-gnueabihf/bin/../libexec/gcc/arm-raspbian-linux-gnueabihf/6.4.0/lto-wrapper
Target: arm-raspbian-linux-gnueabihf
Configured with: /home/simon/crosstool-ng/.build/arm-raspbian-linux-gnueabihf/src/gcc/configure --build=x86_64-build_pc-linux-gnu --host=x86_64-build_pc-linux-gnu --target=arm-raspbian-linux-gnueabihf --prefix=/home/simon/arm-cross-comp-env/arm-raspbian-linux-gnueabihf --with-sysroot=/home/simon/arm-cross-comp-env/arm-raspbian-linux-gnueabihf/arm-raspbian-linux-gnueabihf/sysroot --enable-languages=c,c++ --with-pkgversion='crosstool-NG crosstool-ng-1.23.0-296-gba165ed' --enable-__cxa_atexit --enable-libmudflap --enable-libgomp --enable-libssp --enable-libquadmath --enable-libquadmath-support --enable-libsanitizer --disable-libmpx --with-gmp=/home/simon/crosstool-ng/.build/arm-raspbian-linux-gnueabihf/buildtools --with-mpfr=/home/simon/crosstool-ng/.build/arm-raspbian-linux-gnueabihf/buildtools --with-mpc=/home/simon/crosstool-ng/.build/arm-raspbian-linux-gnueabihf/buildtools --with-isl=/home/simon/crosstool-ng/.build/arm-raspbian-linux-gnueabihf/buildtools --disable-lto --with-host-libstdcxx='-static-libgcc -Wl,-Bstatic,-lstdc++ -lm' --enable-threads=posix --disable-plugin --disable-nls --enable-multiarch --with-local-prefix=/home/simon/arm-cross-comp-env/arm-raspbian-linux-gnueabihf/arm-raspbian-linux-gnueabihf/sysroot --enable-long-long --with-arch=armv6 --with-float=hard --with-fpu=vfp --enable-libstdcxx-debug --enable-libstdcxx-time=yes --enable-version-specific-runtime-libs
Thread model: posix
gcc version 6.4.0 (crosstool-NG crosstool-ng-1.23.0-296-gba165ed) 
COMPILER_PATH=/home/simon/setr/arm-cross-comp-env/arm-raspbian-linux-gnueabihf/bin/../libexec/gcc/arm-raspbian-linux-gnueabihf/6.4.0/:/home/simon/setr/arm-cross-comp-env/arm-raspbian-linux-gnueabihf/bin/../libexec/gcc/:/home/simon/setr/arm-cross-comp-env/arm-raspbian-linux-gnueabihf/bin/../lib/gcc/arm-raspbian-linux-gnueabihf/6.4.0/../../../../arm-raspbian-linux-gnueabihf/bin/
LIBRARY_PATH=/home/simon/setr/arm-cross-comp-env/arm-raspbian-linux-gnueabihf/bin/../lib/gcc/arm-raspbian-linux-gnueabihf/6.4.0/:/home/simon/setr/arm-cross-comp-env/arm-raspbian-linux-gnueabihf/bin/../lib/gcc/:/home/simon/setr/arm-cross-comp-env/arm-raspbian-linux-gnueabihf/arm-raspbian-linux-gnueabihf/sysroot/lib/arm-linux-gnueabihf/:/home/simon/setr/arm-cross-comp-env/arm-raspbian-linux-gnueabihf/arm-raspbian-linux-gnueabihf/sysroot/lib/:/home/simon/setr/arm-cross-comp-env/arm-raspbian-linux-gnueabihf/arm-raspbian-linux-gnueabihf/sysroot/usr/lib/arm-linux-gnueabihf/:/home/simon/setr/arm-cross-comp-env/arm-raspbian-linux-gnueabihf/arm-raspbian-linux-gnueabihf/sysroot/usr/lib/
COLLECT_GCC_OPTIONS='-v' '-o' 'cmTC_f24e0' '-rdynamic' '-march=armv6' '-mfloat-abi=hard' '-mfpu=vfp' '-mtls-dialect=gnu'
 /home/simon/setr/arm-cross-comp-env/arm-raspbian-linux-gnueabihf/bin/../libexec/gcc/arm-raspbian-linux-gnueabihf/6.4.0/collect2 --sysroot=/home/simon/setr/arm-cross-comp-env/arm-raspbian-linux-gnueabihf/arm-raspbian-linux-gnueabihf/sysroot --eh-frame-hdr -export-dynamic -dynamic-linker /lib/ld-linux-armhf.so.3 -X -m armelf_linux_eabi -o cmTC_f24e0 /home/simon/setr/arm-cross-comp-env/arm-raspbian-linux-gnueabihf/arm-raspbian-linux-gnueabihf/sysroot/usr/lib/arm-linux-gnueabihf/crt1.o /home/simon/setr/arm-cross-comp-env/arm-raspbian-linux-gnueabihf/arm-raspbian-linux-gnueabihf/sysroot/usr/lib/arm-linux-gnueabihf/crti.o /home/simon/setr/arm-cross-comp-env/arm-raspbian-linux-gnueabihf/bin/../lib/gcc/arm-raspbian-linux-gnueabihf/6.4.0/crtbegin.o -L/home/simon/setr/arm-cross-comp-env/arm-raspbian-linux-gnueabihf/bin/../lib/gcc/arm-raspbian-linux-gnueabihf/6.4.0 -L/home/simon/setr/arm-cross-comp-env/arm-raspbian-linux-gnueabihf/bin/../lib/gcc -L/home/simon/setr/arm-cross-comp-env/arm-raspbian-linux-gnueabihf/arm-raspbian-linux-gnueabihf/sysroot/lib/arm-linux-gnueabihf -L/home/simon/setr/arm-cross-comp-env/arm-raspbian-linux-gnueabihf/arm-raspbian-linux-gnueabihf/sysroot/lib -L/home/simon/setr/arm-cross-comp-env/arm-raspbian-linux-gnueabihf/arm-raspbian-linux-gnueabihf/sysroot/usr/lib/arm-linux-gnueabihf -L/home/simon/setr/arm-cross-comp-env/arm-raspbian-linux-gnueabihf/arm-raspbian-linux-gnueabihf/sysroot/usr/lib -rpath-link /home/simon/setr/arm-cross-comp-env/arm-raspbian-linux-gnueabihf/arm-raspbian-linux-gnueabihf/sysroot/opt/vc/lib -rpath-link /home/simon/setr/arm-cross-comp-env/arm-raspbian-linux-gnueabihf/arm-raspbian-linux-gnueabihf/sysroot/lib/arm-linux-gnueabihf -rpath-link /home/simon/setr/arm-cross-comp-env/arm-raspbian-linux-gnueabihf/arm-raspbian-linux-gnueabihf/sysroot/usr/lib/arm-linux-gnueabihf -rpath-link /home/simon/setr/arm-cross-comp-env/arm-raspbian-linux-gnueabihf/arm-raspbian-linux-gnueabihf/sysroot/usr/local/lib CMakeFiles/cmTC_f24e0.dir/CMakeCCompilerABI.c.o -lgcc --as-needed -lgcc_s --no-as-needed -lc -lgcc --as-needed -lgcc_s --no-as-needed /home/simon/setr/arm-cross-comp-env/arm-raspbian-linux-gnueabihf/bin/../lib/gcc/arm-raspbian-linux-gnueabihf/6.4.0/crtend.o /home/simon/setr/arm-cross-comp-env/arm-raspbian-linux-gnueabihf/arm-raspbian-linux-gnueabihf/sysroot/usr/lib/arm-linux-gnueabihf/crtn.o
COLLECT_GCC_OPTIONS='-v' '-o' 'cmTC_f24e0' '-rdynamic' '-march=armv6' '-mfloat-abi=hard' '-mfpu=vfp' '-mtls-dialect=gnu'
make[1]: Leaving directory '/home/simon/setr/Projets/laboratoire2/daemonFuse/build/CMakeFiles/CMakeTmp'


Parsed C implicit link information from above output:
  link line regex: [^( *|.*[/\])(arm-raspbian-linux-gnueabihf-ld|([^/\]+-)?ld|collect2)[^/\]*( |$)]
  ignore line: [Change Dir: /home/simon/setr/Projets/laboratoire2/daemonFuse/build/CMakeFiles/CMakeTmp]
  ignore line: []
  ignore line: [Run Build Command:"/usr/bin/make" "cmTC_f24e0/fast"]
  ignore line: [/usr/bin/make -f CMakeFiles/cmTC_f24e0.dir/build.make CMakeFiles/cmTC_f24e0.dir/build]
  ignore line: [make[1]: Entering directory '/home/simon/setr/Projets/laboratoire2/daemonFuse/build/CMakeFiles/CMakeTmp']
  ignore line: [Building C object CMakeFiles/cmTC_f24e0.dir/CMakeCCompilerABI.c.o]
  ignore line: [/home/simon/setr/arm-cross-comp-env/arm-raspbian-linux-gnueabihf/bin/arm-raspbian-linux-gnueabihf-gcc  --sysroot=/home/simon/setr/arm-cross-comp-env/arm-raspbian-linux-gnueabihf/arm-raspbian-linux-gnueabihf/sysroot   -Wl,-rpath-link,/home/simon/setr/arm-cross-comp-env/arm-raspbian-linux-gnueabihf/arm-raspbian-linux-gnueabihf/sysroot/opt/vc/lib -Wl,-rpath-link,/home/simon/setr/arm-cross-comp-env/arm-raspbian-linux-gnueabihf/arm-raspbian-linux-gnueabihf/sysroot/lib/arm-linux-gnueabihf -Wl,-rpath-link,/home/simon/setr/arm-cross-comp-env/arm-raspbian-linux-gnueabihf/arm-raspbian-linux-gnueabihf/sysroot/usr/lib/arm-linux-gnueabihf -Wl,-rpath-link,/home/simon/setr/arm-cross-comp-env/arm-raspbian-linux-gnueabihf/arm-raspbian-linux-gnueabihf/sysroot/usr/local/lib    -o CMakeFiles/cmTC_f24e0.dir/CMakeCCompilerABI.c.o   -c /usr/share/cmake-3.5/Modules/CMakeCCompilerABI.c]
  ignore line: [Linking C executable cmTC_f24e0]
  ignore line: [/usr/bin/cmake -E cmake_link_script CMakeFiles/cmTC_f24e0.dir/link.txt --verbose=1]
  ignore line: [/home/simon/setr/arm-cross-comp-env/arm-raspbian-linux-gnueabihf/bin/arm-raspbian-linux-gnueabihf-gcc  --sysroot=/home/simon/setr/arm-cross-comp-env/arm-raspbian-linux-gnueabihf/arm-raspbian-linux-gnueabihf/sysroot -Wl,-rpath-link,/home/simon/setr/arm-cross-comp-env/arm-raspbian-linux-gnueabihf/arm-raspbian-linux-gnueabihf/sysroot/opt/vc/lib -Wl,-rpath-link,/home/simon/setr/arm-cross-comp-env/arm-raspbian-linux-gnueabihf/arm-raspbian-linux-gnueabihf/sysroot/lib/arm-linux-gnueabihf -Wl,-rpath-link,/home/simon/setr/arm-cross-comp-env/arm-raspbian-linux-gnueabihf/arm-raspbian-linux-gnueabihf/sysroot/usr/lib/arm-linux-gnueabihf -Wl,-rpath-link,/home/simon/setr/arm-cross-comp-env/arm-raspbian-linux-gnueabihf/arm-raspbian-linux-gnueabihf/sysroot/usr/local/lib    -v CMakeFiles/cmTC_f24e0.dir/CMakeCCompilerABI.c.o  -o cmTC_f24e0 -rdynamic  ]
  ignore line: [Using built-in specs.]
  ignore line: [COLLECT_GCC=/home/simon/setr/arm-cross-comp-env/arm-raspbian-linux-gnueabihf/bin/arm-raspbian-linux-gnueabihf-gcc]
  ignore line: [COLLECT_LTO_WRAPPER=/home/simon/setr/arm-cross-comp-env/arm-raspbian-linux-gnueabihf/bin/../libexec/gcc/arm-raspbian-linux-gnueabihf/6.4.0/lto-wrapper]
  ignore line: [Target: arm-raspbian-linux-gnueabihf]
  ignore line: [Configured with: /home/simon/crosstool-ng/.build/arm-raspbian-linux-gnueabihf/src/gcc/configure --build=x86_64-build_pc-linux-gnu --host=x86_64-build_pc-linux-gnu --target=arm-raspbian-linux-gnueabihf --prefix=/home/simon/arm-cross-comp-env/arm-raspbian-linux-gnueabihf --with-sysroot=/home/simon/arm-cross-comp-env/arm-raspbian-linux-gnueabihf/arm-raspbian-linux-gnueabihf/sysroot --enable-languages=c,c++ --with-pkgversion='crosstool-NG crosstool-ng-1.23.0-296-gba165ed' --enable-__cxa_atexit --enable-libmudflap --enable-libgomp --enable-libssp --enable-libquadmath --enable-libquadmath-support --enable-libsanitizer --disable-libmpx --with-gmp=/home/simon/crosstool-ng/.build/arm-raspbian-linux-gnueabihf/buildtools --with-mpfr=/home/simon/crosstool-ng/.build/arm-raspbian-linux-gnueabihf/buildtools --with-mpc=/home/simon/crosstool-ng/.build/arm-raspbian-linux-gnueabihf/buildtools --with-isl=/home/simon/crosstool-ng/.build/arm-raspbian-linux-gnueabihf/buildtools --disable-lto --with-host-libstdcxx='-static-libgcc -Wl,-Bstatic,-lstdc++ -lm' --enable-threads=posix --disable-plugin --disable-nls --enable-multiarch --with-local-prefix=/home/simon/arm-cross-comp-env/arm-raspbian-linux-gnueabihf/arm-raspbian-linux-gnueabihf/sysroot --enable-long-long --with-arch=armv6 --with-float=hard --with-fpu=vfp --enable-libstdcxx-debug --enable-libstdcxx-time=yes --enable-version-specific-runtime-libs]
  ignore line: [Thread model: posix]
  ignore line: [gcc version 6.4.0 (crosstool-NG crosstool-ng-1.23.0-296-gba165ed) ]
  ignore line: [COMPILER_PATH=/home/simon/setr/arm-cross-comp-env/arm-raspbian-linux-gnueabihf/bin/../libexec/gcc/arm-raspbian-linux-gnueabihf/6.4.0/:/home/simon/setr/arm-cross-comp-env/arm-raspbian-linux-gnueabihf/bin/../libexec/gcc/:/home/simon/setr/arm-cross-comp-env/arm-raspbian-linux-gnueabihf/bin/../lib/gcc/arm-raspbian-linux-gnueabihf/6.4.0/../../../../arm-raspbian-linux-gnueabihf/bin/]
  ignore line: [LIBRARY_PATH=/home/simon/setr/arm-cross-comp-env/arm-raspbian-linux-gnueabihf/bin/../lib/gcc/arm-raspbian-linux-gnueabihf/6.4.0/:/home/simon/setr/arm-cross-comp-env/arm-raspbian-linux-gnueabihf/bin/../lib/gcc/:/home/simon/setr/arm-cross-comp-env/arm-raspbian-linux-gnueabihf/arm-raspbian-linux-gnueabihf/sysroot/lib/arm-linux-gnueabihf/:/home/simon/setr/arm-cross-comp-env/arm-raspbian-linux-gnueabihf/arm-raspbian-linux-gnueabihf/sysroot/lib/:/home/simon/setr/arm-cross-comp-env/arm-raspbian-linux-gnueabihf/arm-raspbian-linux-gnueabihf/sysroot/usr/lib/arm-linux-gnueabihf/:/home/simon/setr/arm-cross-comp-env/arm-raspbian-linux-gnueabihf/arm-raspbian-linux-gnueabihf/sysroot/usr/lib/]
  ignore line: [COLLECT_GCC_OPTIONS='-v' '-o' 'cmTC_f24e0' '-rdynamic' '-march=armv6' '-mfloat-abi=hard' '-mfpu=vfp' '-mtls-dialect=gnu']
  link line: [ /home/simon/setr/arm-cross-comp-env/arm-raspbian-linux-gnueabihf/bin/../libexec/gcc/arm-raspbian-linux-gnueabihf/6.4.0/collect2 --sysroot=/home/simon/setr/arm-cross-comp-env/arm-raspbian-linux-gnueabihf/arm-raspbian-linux-gnueabihf/sysroot --eh-frame-hdr -export-dynamic -dynamic-linker /lib/ld-linux-armhf.so.3 -X -m armelf_linux_eabi -o cmTC_f24e0 /home/simon/setr/arm-cross-comp-env/arm-raspbian-linux-gnueabihf/arm-raspbian-linux-gnueabihf/sysroot/usr/lib/arm-linux-gnueabihf/crt1.o /home/simon/setr/arm-cross-comp-env/arm-raspbian-linux-gnueabihf/arm-raspbian-linux-gnueabihf/sysroot/usr/lib/arm-linux-gnueabihf/crti.o /home/simon/setr/arm-cross-comp-env/arm-raspbian-linux-gnueabihf/bin/../lib/gcc/arm-raspbian-linux-gnueabihf/6.4.0/crtbegin.o -L/home/simon/setr/arm-cross-comp-env/arm-raspbian-linux-gnueabihf/bin/../lib/gcc/arm-raspbian-linux-gnueabihf/6.4.0 -L/home/simon/setr/arm-cross-comp-env/arm-raspbian-linux-gnueabihf/bin/../lib/gcc -L/home/simon/setr/arm-cross-comp-env/arm-raspbian-linux-gnueabihf/arm-raspbian-linux-gnueabihf/sysroot/lib/arm-linux-gnueabihf -L/home/simon/setr/arm-cross-comp-env/arm-raspbian-linux-gnueabihf/arm-raspbian-linux-gnueabihf/sysroot/lib -L/home/simon/setr/arm-cross-comp-env/arm-raspbian-linux-gnueabihf/arm-raspbian-linux-gnueabihf/sysroot/usr/lib/arm-linux-gnueabihf -L/home/simon/setr/arm-cross-comp-env/arm-raspbian-linux-gnueabihf/arm-raspbian-linux-gnueabihf/sysroot/usr/lib -rpath-link /home/simon/setr/arm-cross-comp-env/arm-raspbian-linux-gnueabihf/arm-raspbian-linux-gnueabihf/sysroot/opt/vc/lib -rpath-link /home/simon/setr/arm-cross-comp-env/arm-raspbian-linux-gnueabihf/arm-raspbian-linux-gnueabihf/sysroot/lib/arm-linux-gnueabihf -rpath-link /home/simon/setr/arm-cross-comp-env/arm-raspbian-linux-gnueabihf/arm-raspbian-linux-gnueabihf/sysroot/usr/lib/arm-linux-gnueabihf -rpath-link /home/simon/setr/arm-cross-comp-env/arm-raspbian-linux-gnueabihf/arm-raspbian-linux-gnueabihf/sysroot/usr/local/lib CMakeFiles/cmTC_f24e0.dir/CMakeCCompilerABI.c.o -lgcc --as-needed -lgcc_s --no-as-needed -lc -lgcc --as-needed -lgcc_s --no-as-needed /home/simon/setr/arm-cross-comp-env/arm-raspbian-linux-gnueabihf/bin/../lib/gcc/arm-raspbian-linux-gnueabihf/6.4.0/crtend.o /home/simon/setr/arm-cross-comp-env/arm-raspbian-linux-gnueabihf/arm-raspbian-linux-gnueabihf/sysroot/usr/lib/arm-linux-gnueabihf/crtn.o]
    arg [/home/simon/setr/arm-cross-comp-env/arm-raspbian-linux-gnueabihf/bin/../libexec/gcc/arm-raspbian-linux-gnueabihf/6.4.0/collect2] ==> ignore
    arg [--sysroot=/home/simon/setr/arm-cross-comp-env/arm-raspbian-linux-gnueabihf/arm-raspbian-linux-gnueabihf/sysroot] ==> ignore
    arg [--eh-frame-hdr] ==> ignore
    arg [-export-dynamic] ==> ignore
    arg [-dynamic-linker] ==> ignore
    arg [/lib/ld-linux-armhf.so.3] ==> ignore
    arg [-X] ==> ignore
    arg [-m] ==> ignore
    arg [armelf_linux_eabi] ==> ignore
    arg [-o] ==> ignore
    arg [cmTC_f24e0] ==> ignore
    arg [/home/simon/setr/arm-cross-comp-env/arm-raspbian-linux-gnueabihf/arm-raspbian-linux-gnueabihf/sysroot/usr/lib/arm-linux-gnueabihf/crt1.o] ==> ignore
    arg [/home/simon/setr/arm-cross-comp-env/arm-raspbian-linux-gnueabihf/arm-raspbian-linux-gnueabihf/sysroot/usr/lib/arm-linux-gnueabihf/crti.o] ==> ignore
    arg [/home/simon/setr/arm-cross-comp-env/arm-raspbian-linux-gnueabihf/bin/../lib/gcc/arm-raspbian-linux-gnueabihf/6.4.0/crtbegin.o] ==> ignore
    arg [-L/home/simon/setr/arm-cross-comp-env/arm-raspbian-linux-gnueabihf/bin/../lib/gcc/arm-raspbian-linux-gnueabihf/6.4.0] ==> dir [/home/simon/setr/arm-cross-comp-env/arm-raspbian-linux-gnueabihf/bin/../lib/gcc/arm-raspbian-linux-gnueabihf/6.4.0]
    arg [-L/home/simon/setr/arm-cross-comp-env/arm-raspbian-linux-gnueabihf/bin/../lib/gcc] ==> dir [/home/simon/setr/arm-cross-comp-env/arm-raspbian-linux-gnueabihf/bin/../lib/gcc]
    arg [-L/home/simon/setr/arm-cross-comp-env/arm-raspbian-linux-gnueabihf/arm-raspbian-linux-gnueabihf/sysroot/lib/arm-linux-gnueabihf] ==> dir [/home/simon/setr/arm-cross-comp-env/arm-raspbian-linux-gnueabihf/arm-raspbian-linux-gnueabihf/sysroot/lib/arm-linux-gnueabihf]
    arg [-L/home/simon/setr/arm-cross-comp-env/arm-raspbian-linux-gnueabihf/arm-raspbian-linux-gnueabihf/sysroot/lib] ==> dir [/home/simon/setr/arm-cross-comp-env/arm-raspbian-linux-gnueabihf/arm-raspbian-linux-gnueabihf/sysroot/lib]
    arg [-L/home/simon/setr/arm-cross-comp-env/arm-raspbian-linux-gnueabihf/arm-raspbian-linux-gnueabihf/sysroot/usr/lib/arm-linux-gnueabihf] ==> dir [/home/simon/setr/arm-cross-comp-env/arm-raspbian-linux-gnueabihf/arm-raspbian-linux-gnueabihf/sysroot/usr/lib/arm-linux-gnueabihf]
    arg [-L/home/simon/setr/arm-cross-comp-env/arm-raspbian-linux-gnueabihf/arm-raspbian-linux-gnueabihf/sysroot/usr/lib] ==> dir [/home/simon/setr/arm-cross-comp-env/arm-raspbian-linux-gnueabihf/arm-raspbian-linux-gnueabihf/sysroot/usr/lib]
    arg [-rpath-link] ==> ignore
    arg [/home/simon/setr/arm-cross-comp-env/arm-raspbian-linux-gnueabihf/arm-raspbian-linux-gnueabihf/sysroot/opt/vc/lib] ==> ignore
    arg [-rpath-link] ==> ignore
    arg [/home/simon/setr/arm-cross-comp-env/arm-raspbian-linux-gnueabihf/arm-raspbian-linux-gnueabihf/sysroot/lib/arm-linux-gnueabihf] ==> ignore
    arg [-rpath-link] ==> ignore
    arg [/home/simon/setr/arm-cross-comp-env/arm-raspbian-linux-gnueabihf/arm-raspbian-linux-gnueabihf/sysroot/usr/lib/arm-linux-gnueabihf] ==> ignore
    arg [-rpath-link] ==> ignore
    arg [/home/simon/setr/arm-cross-comp-env/arm-raspbian-linux-gnueabihf/arm-raspbian-linux-gnueabihf/sysroot/usr/local/lib] ==> ignore
    arg [CMakeFiles/cmTC_f24e0.dir/CMakeCCompilerABI.c.o] ==> ignore
    arg [-lgcc] ==> lib [gcc]
    arg [--as-needed] ==> ignore
    arg [-lgcc_s] ==> lib [gcc_s]
    arg [--no-as-needed] ==> ignore
    arg [-lc] ==> lib [c]
    arg [-lgcc] ==> lib [gcc]
    arg [--as-needed] ==> ignore
    arg [-lgcc_s] ==> lib [gcc_s]
    arg [--no-as-needed] ==> ignore
    arg [/home/simon/setr/arm-cross-comp-env/arm-raspbian-linux-gnueabihf/bin/../lib/gcc/arm-raspbian-linux-gnueabihf/6.4.0/crtend.o] ==> ignore
    arg [/home/simon/setr/arm-cross-comp-env/arm-raspbian-linux-gnueabihf/arm-raspbian-linux-gnueabihf/sysroot/usr/lib/arm-linux-gnueabihf/crtn.o] ==> ignore
  remove lib [gcc]
  remove lib [gcc_s]
  remove lib [gcc]
  remove lib [gcc_s]
  collapse library dir [/home/simon/setr/arm-cross-comp-env/arm-raspbian-linux-gnueabihf/bin/../lib/gcc/arm-raspbian-linux-gnueabihf/6.4.0] ==> [/home/simon/setr/arm-cross-comp-env/arm-raspbian-linux-gnueabihf/lib/gcc/arm-raspbian-linux-gnueabihf/6.4.0]
  collapse library dir [/home/simon/setr/arm-cross-comp-env/arm-raspbian-linux-gnueabihf/bin/../lib/gcc] ==> [/home/simon/setr/arm-cross-comp-env/arm-raspbian-linux-gnueabihf/lib/gcc]
  collapse library dir [/home/simon/setr/arm-cross-comp-env/arm-raspbian-linux-gnueabihf/arm-raspbian-linux-gnueabihf/sysroot/lib/arm-linux-gnueabihf] ==> [/home/simon/setr/arm-cross-comp-env/arm-raspbian-linux-gnueabihf/arm-raspbian-linux-gnueabihf/sysroot/lib/arm-linux-gnueabihf]
  collapse library dir [/home/simon/setr/arm-cross-comp-env/arm-raspbian-linux-gnueabihf/arm-raspbian-linux-gnueabihf/sysroot/lib] ==> [/home/simon/setr/arm-cross-comp-env/arm-raspbian-linux-gnueabihf/arm-raspbian-linux-gnueabihf/sysroot/lib]
  collapse library dir [/home/simon/setr/arm-cross-comp-env/arm-raspbian-linux-gnueabihf/arm-raspbian-linux-gnueabihf/sysroot/usr/lib/arm-linux-gnueabihf] ==> [/home/simon/setr/arm-cross-comp-env/arm-raspbian-linux-gnueabihf/arm-raspbian-linux-gnueabihf/sysroot/usr/lib/arm-linux-gnueabihf]
  collapse library dir [/home/simon/setr/arm-cross-comp-env/arm-raspbian-linux-gnueabihf/arm-raspbian-linux-gnueabihf/sysroot/usr/lib] ==> [/home/simon/setr/arm-cross-comp-env/arm-raspbian-linux-gnueabihf/arm-raspbian-linux-gnueabihf/sysroot/usr/lib]
  implicit libs: [c]
  implicit dirs: [/home/simon/setr/arm-cross-comp-env/arm-raspbian-linux-gnueabihf/lib/gcc/arm-raspbian-linux-gnueabihf/6.4.0;/home/simon/setr/arm-cross-comp-env/arm-raspbian-linux-gnueabihf/lib/gcc;/home/simon/setr/arm-cross-comp-env/arm-raspbian-linux-gnueabihf/arm-raspbian-linux-gnueabihf/sysroot/lib/arm-linux-gnueabihf;/home/simon/setr/arm-cross-comp-env/arm-raspbian-linux-gnueabihf/arm-raspbian-linux-gnueabihf/sysroot/lib;/home/simon/setr/arm-cross-comp-env/arm-raspbian-linux-gnueabihf/arm-raspbian-linux-gnueabihf/sysroot/usr/lib/arm-linux-gnueabihf;/home/simon/setr/arm-cross-comp-env/arm-raspbian-linux-gnueabihf/arm-raspbian-linux-gnueabihf/sysroot/usr/lib]
  implicit fwks: []




Detecting C [-std=c11] compiler features compiled with the following output:
Change Dir: /home/simon/setr/Projets/laboratoire2/daemonFuse/build/CMakeFiles/CMakeTmp

Run Build Command:"/usr/bin/make" "cmTC_7a2ba/fast"
/usr/bin/make -f CMakeFiles/cmTC_7a2ba.dir/build.make CMakeFiles/cmTC_7a2ba.dir/build
make[1]: Entering directory '/home/simon/setr/Projets/laboratoire2/daemonFuse/build/CMakeFiles/CMakeTmp'
Building C object CMakeFiles/cmTC_7a2ba.dir/feature_tests.c.o
/home/simon/setr/arm-cross-comp-env/arm-raspbian-linux-gnueabihf/bin/arm-raspbian-linux-gnueabihf-gcc  --sysroot=/home/simon/setr/arm-cross-comp-env/arm-raspbian-linux-gnueabihf/arm-raspbian-linux-gnueabihf/sysroot   -Wl,-rpath-link,/home/simon/setr/arm-cross-comp-env/arm-raspbian-linux-gnueabihf/arm-raspbian-linux-gnueabihf/sysroot/opt/vc/lib -Wl,-rpath-link,/home/simon/setr/arm-cross-comp-env/arm-raspbian-linux-gnueabihf/arm-raspbian-linux-gnueabihf/sysroot/lib/arm-linux-gnueabihf -Wl,-rpath-link,/home/simon/setr/arm-cross-comp-env/arm-raspbian-linux-gnueabihf/arm-raspbian-linux-gnueabihf/sysroot/usr/lib/arm-linux-gnueabihf -Wl,-rpath-link,/home/simon/setr/arm-cross-comp-env/arm-raspbian-linux-gnueabihf/arm-raspbian-linux-gnueabihf/sysroot/usr/local/lib    -std=c11 -o CMakeFiles/cmTC_7a2ba.dir/feature_tests.c.o   -c /home/simon/setr/Projets/laboratoire2/daemonFuse/build/CMakeFiles/feature_tests.c
Linking C executable cmTC_7a2ba
/usr/bin/cmake -E cmake_link_script CMakeFiles/cmTC_7a2ba.dir/link.txt --verbose=1
/home/simon/setr/arm-cross-comp-env/arm-raspbian-linux-gnueabihf/bin/arm-raspbian-linux-gnueabihf-gcc  --sysroot=/home/simon/setr/arm-cross-comp-env/arm-raspbian-linux-gnueabihf/arm-raspbian-linux-gnueabihf/sysroot -Wl,-rpath-link,/home/simon/setr/arm-cross-comp-env/arm-raspbian-linux-gnueabihf/arm-raspbian-linux-gnueabihf/sysroot/opt/vc/lib -Wl,-rpath-link,/home/simon/setr/arm-cross-comp-env/arm-raspbian-linux-gnueabihf/arm-raspbian-linux-gnueabihf/sysroot/lib/arm-linux-gnueabihf -Wl,-rpath-link,/home/simon/setr/arm-cross-comp-env/arm-raspbian-linux-gnueabihf/arm-raspbian-linux-gnueabihf/sysroot/usr/lib/arm-linux-gnueabihf -Wl,-rpath-link,/home/simon/setr/arm-cross-comp-env/arm-raspbian-linux-gnueabihf/arm-raspbian-linux-gnueabihf/sysroot/usr/local/lib     CMakeFiles/cmTC_7a2ba.dir/feature_tests.c.o  -o cmTC_7a2ba -rdynamic 
make[1]: Leaving directory '/home/simon/setr/Projets/laboratoire2/daemonFuse/build/CMakeFiles/CMakeTmp'


    Feature record: C_FEATURE:1c_function_prototypes
    Feature record: C_FEATURE:1c_restrict
    Feature record: C_FEATURE:1c_static_assert
    Feature record: C_FEATURE:1c_variadic_macros


Detecting C [-std=c99] compiler features compiled with the following output:
Change Dir: /home/simon/setr/Projets/laboratoire2/daemonFuse/build/CMakeFiles/CMakeTmp

Run Build Command:"/usr/bin/make" "cmTC_e3f5e/fast"
/usr/bin/make -f CMakeFiles/cmTC_e3f5e.dir/build.make CMakeFiles/cmTC_e3f5e.dir/build
make[1]: Entering directory '/home/simon/setr/Projets/laboratoire2/daemonFuse/build/CMakeFiles/CMakeTmp'
Building C object CMakeFiles/cmTC_e3f5e.dir/feature_tests.c.o
/home/simon/setr/arm-cross-comp-env/arm-raspbian-linux-gnueabihf/bin/arm-raspbian-linux-gnueabihf-gcc  --sysroot=/home/simon/setr/arm-cross-comp-env/arm-raspbian-linux-gnueabihf/arm-raspbian-linux-gnueabihf/sysroot   -Wl,-rpath-link,/home/simon/setr/arm-cross-comp-env/arm-raspbian-linux-gnueabihf/arm-raspbian-linux-gnueabihf/sysroot/opt/vc/lib -Wl,-rpath-link,/home/simon/setr/arm-cross-comp-env/arm-raspbian-linux-gnueabihf/arm-raspbian-linux-gnueabihf/sysroot/lib/arm-linux-gnueabihf -Wl,-rpath-link,/home/simon/setr/arm-cross-comp-env/arm-raspbian-linux-gnueabihf/arm-raspbian-linux-gnueabihf/sysroot/usr/lib/arm-linux-gnueabihf -Wl,-rpath-link,/home/simon/setr/arm-cross-comp-env/arm-raspbian-linux-gnueabihf/arm-raspbian-linux-gnueabihf/sysroot/usr/local/lib    -std=c99 -o CMakeFiles/cmTC_e3f5e.dir/feature_tests.c.o   -c /home/simon/setr/Projets/laboratoire2/daemonFuse/build/CMakeFiles/feature_tests.c
Linking C executable cmTC_e3f5e
/usr/bin/cmake -E cmake_link_script CMakeFiles/cmTC_e3f5e.dir/link.txt --verbose=1
/home/simon/setr/arm-cross-comp-env/arm-raspbian-linux-gnueabihf/bin/arm-raspbian-linux-gnueabihf-gcc  --sysroot=/home/simon/setr/arm-cross-comp-env/arm-raspbian-linux-gnueabihf/arm-raspbian-linux-gnueabihf/sysroot -Wl,-rpath-link,/home/simon/setr/arm-cross-comp-env/arm-raspbian-linux-gnueabihf/arm-raspbian-linux-gnueabihf/sysroot/opt/vc/lib -Wl,-rpath-link,/home/simon/setr/arm-cross-comp-env/arm-raspbian-linux-gnueabihf/arm-raspbian-linux-gnueabihf/sysroot/lib/arm-linux-gnueabihf -Wl,-rpath-link,/home/simon/setr/arm-cross-comp-env/arm-raspbian-linux-gnueabihf/arm-raspbian-linux-gnueabihf/sysroot/usr/lib/arm-linux-gnueabihf -Wl,-rpath-link,/home/simon/setr/arm-cross-comp-env/arm-raspbian-linux-gnueabihf/arm-raspbian-linux-gnueabihf/sysroot/usr/local/lib     CMakeFiles/cmTC_e3f5e.dir/feature_tests.c.o  -o cmTC_e3f5e -rdynamic 
make[1]: Leaving directory '/home/simon/setr/Projets/laboratoire2/daemonFuse/build/CMakeFiles/CMakeTmp'


    Feature record: C_FEATURE:1c_function_prototypes
    Feature record: C_FEATURE:1c_restrict
    Feature record: C_FEATURE:0c_static_assert
    Feature record: C_FEATURE:1c_variadic_macros


Detecting C [-std=c90] compiler features compiled with the following output:
Change Dir: /home/simon/setr/Projets/laboratoire2/daemonFuse/build/CMakeFiles/CMakeTmp

Run Build Command:"/usr/bin/make" "cmTC_0c401/fast"
/usr/bin/make -f CMakeFiles/cmTC_0c401.dir/build.make CMakeFiles/cmTC_0c401.dir/build
make[1]: Entering directory '/home/simon/setr/Projets/laboratoire2/daemonFuse/build/CMakeFiles/CMakeTmp'
Building C object CMakeFiles/cmTC_0c401.dir/feature_tests.c.o
/home/simon/setr/arm-cross-comp-env/arm-raspbian-linux-gnueabihf/bin/arm-raspbian-linux-gnueabihf-gcc  --sysroot=/home/simon/setr/arm-cross-comp-env/arm-raspbian-linux-gnueabihf/arm-raspbian-linux-gnueabihf/sysroot   -Wl,-rpath-link,/home/simon/setr/arm-cross-comp-env/arm-raspbian-linux-gnueabihf/arm-raspbian-linux-gnueabihf/sysroot/opt/vc/lib -Wl,-rpath-link,/home/simon/setr/arm-cross-comp-env/arm-raspbian-linux-gnueabihf/arm-raspbian-linux-gnueabihf/sysroot/lib/arm-linux-gnueabihf -Wl,-rpath-link,/home/simon/setr/arm-cross-comp-env/arm-raspbian-linux-gnueabihf/arm-raspbian-linux-gnueabihf/sysroot/usr/lib/arm-linux-gnueabihf -Wl,-rpath-link,/home/simon/setr/arm-cross-comp-env/arm-raspbian-linux-gnueabihf/arm-raspbian-linux-gnueabihf/sysroot/usr/local/lib    -std=c90 -o CMakeFiles/cmTC_0c401.dir/feature_tests.c.o   -c /home/simon/setr/Projets/laboratoire2/daemonFuse/build/CMakeFiles/feature_tests.c
Linking C executable cmTC_0c401
/usr/bin/cmake -E cmake_link_script CMakeFiles/cmTC_0c401.dir/link.txt --verbose=1
/home/simon/setr/arm-cross-comp-env/arm-raspbian-linux-gnueabihf/bin/arm-raspbian-linux-gnueabihf-gcc  --sysroot=/home/simon/setr/arm-cross-comp-env/arm-raspbian-linux-gnueabihf/arm-raspbian-linux-gnueabihf/sysroot -Wl,-rpath-link,/home/simon/setr/arm-cross-comp-env/arm-raspbian-linux-gnueabihf/arm-raspbian-linux-gnueabihf/sysroot/opt/vc/lib -Wl,-rpath-link,/home/simon/setr/arm-cross-comp-env/arm-raspbian-linux-gnueabihf/arm-raspbian-linux-gnueabihf/sysroot/lib/arm-linux-gnueabihf -Wl,-rpath-link,/home/simon/setr/arm-cross-comp-env/arm-raspbian-linux-gnueabihf/arm-raspbian-linux-gnueabihf/sysroot/usr/lib/arm-linux-gnueabihf -Wl,-rpath-link,/home/simon/setr/arm-cross-comp-env/arm-raspbian-linux-gnueabihf/arm-raspbian-linux-gnueabihf/sysroot/usr/local/lib     CMakeFiles/cmTC_0c401.dir/feature_tests.c.o  -o cmTC_0c401 -rdynamic 
make[1]: Leaving directory '/home/simon/setr/Projets/laboratoire2/daemonFuse/build/CMakeFiles/CMakeTmp'


    Feature record: C_FEATURE:1c_function_prototypes
    Feature record: C_FEATURE:0c_restrict
    Feature record: C_FEATURE:0c_static_assert
    Feature record: C_FEATURE:0c_variadic_macros
Determining if the CXX compiler works passed with the following output:
Change Dir: /home/simon/setr/Projets/laboratoire2/daemonFuse/build/CMakeFiles/CMakeTmp

Run Build Command:"/usr/bin/make" "cmTC_dedee/fast"
/usr/bin/make -f CMakeFiles/cmTC_dedee.dir/build.make CMakeFiles/cmTC_dedee.dir/build
make[1]: Entering directory '/home/simon/setr/Projets/laboratoire2/daemonFuse/build/CMakeFiles/CMakeTmp'
Building CXX object CMakeFiles/cmTC_dedee.dir/testCXXCompiler.cxx.o
/home/simon/setr/arm-cross-comp-env/arm-raspbian-linux-gnueabihf/bin/arm-raspbian-linux-gnueabihf-g++  --sysroot=/home/simon/setr/arm-cross-comp-env/arm-raspbian-linux-gnueabihf/arm-raspbian-linux-gnueabihf/sysroot    -Wl,-rpath-link,/home/simon/setr/arm-cross-comp-env/arm-raspbian-linux-gnueabihf/arm-raspbian-linux-gnueabihf/sysroot/opt/vc/lib -Wl,-rpath-link,/home/simon/setr/arm-cross-comp-env/arm-raspbian-linux-gnueabihf/arm-raspbian-linux-gnueabihf/sysroot/lib/arm-linux-gnueabihf -Wl,-rpath-link,/home/simon/setr/arm-cross-comp-env/arm-raspbian-linux-gnueabihf/arm-raspbian-linux-gnueabihf/sysroot/usr/lib/arm-linux-gnueabihf -Wl,-rpath-link,/home/simon/setr/arm-cross-comp-env/arm-raspbian-linux-gnueabihf/arm-raspbian-linux-gnueabihf/sysroot/usr/local/lib    -o CMakeFiles/cmTC_dedee.dir/testCXXCompiler.cxx.o -c /home/simon/setr/Projets/laboratoire2/daemonFuse/build/CMakeFiles/CMakeTmp/testCXXCompiler.cxx
Linking CXX executable cmTC_dedee
/usr/bin/cmake -E cmake_link_script CMakeFiles/cmTC_dedee.dir/link.txt --verbose=1
/home/simon/setr/arm-cross-comp-env/arm-raspbian-linux-gnueabihf/bin/arm-raspbian-linux-gnueabihf-g++  --sysroot=/home/simon/setr/arm-cross-comp-env/arm-raspbian-linux-gnueabihf/arm-raspbian-linux-gnueabihf/sysroot  -Wl,-rpath-link,/home/simon/setr/arm-cross-comp-env/arm-raspbian-linux-gnueabihf/arm-raspbian-linux-gnueabihf/sysroot/opt/vc/lib -Wl,-rpath-link,/home/simon/setr/arm-cross-comp-env/arm-raspbian-linux-gnueabihf/arm-raspbian-linux-gnueabihf/sysroot/lib/arm-linux-gnueabihf -Wl,-rpath-link,/home/simon/setr/arm-cross-comp-env/arm-raspbian-linux-gnueabihf/arm-raspbian-linux-gnueabihf/sysroot/usr/lib/arm-linux-gnueabihf -Wl,-rpath-link,/home/simon/setr/arm-cross-comp-env/arm-raspbian-linux-gnueabihf/arm-raspbian-linux-gnueabihf/sysroot/usr/local/lib     CMakeFiles/cmTC_dedee.dir/testCXXCompiler.cxx.o  -o cmTC_dedee -rdynamic 
make[1]: Leaving directory '/home/simon/setr/Projets/laboratoire2/daemonFuse/build/CMakeFiles/CMakeTmp'


Detecting CXX compiler ABI info compiled with the following output:
Change Dir: /home/simon/setr/Projets/laboratoire2/daemonFuse/build/CMakeFiles/CMakeTmp

Run Build Command:"/usr/bin/make" "cmTC_cb099/fast"
/usr/bin/make -f CMakeFiles/cmTC_cb099.dir/build.make CMakeFiles/cmTC_cb099.dir/build
make[1]: Entering directory '/home/simon/setr/Projets/laboratoire2/daemonFuse/build/CMakeFiles/CMakeTmp'
Building CXX object CMakeFiles/cmTC_cb099.dir/CMakeCXXCompilerABI.cpp.o
/home/simon/setr/arm-cross-comp-env/arm-raspbian-linux-gnueabihf/bin/arm-raspbian-linux-gnueabihf-g++  --sysroot=/home/simon/setr/arm-cross-comp-env/arm-raspbian-linux-gnueabihf/arm-raspbian-linux-gnueabihf/sysroot    -Wl,-rpath-link,/home/simon/setr/arm-cross-comp-env/arm-raspbian-linux-gnueabihf/arm-raspbian-linux-gnueabihf/sysroot/opt/vc/lib -Wl,-rpath-link,/home/simon/setr/arm-cross-comp-env/arm-raspbian-linux-gnueabihf/arm-raspbian-linux-gnueabihf/sysroot/lib/arm-linux-gnueabihf -Wl,-rpath-link,/home/simon/setr/arm-cross-comp-env/arm-raspbian-linux-gnueabihf/arm-raspbian-linux-gnueabihf/sysroot/usr/lib/arm-linux-gnueabihf -Wl,-rpath-link,/home/simon/setr/arm-cross-comp-env/arm-raspbian-linux-gnueabihf/arm-raspbian-linux-gnueabihf/sysroot/usr/local/lib    -o CMakeFiles/cmTC_cb099.dir/CMakeCXXCompilerABI.cpp.o -c /usr/share/cmake-3.5/Modules/CMakeCXXCompilerABI.cpp
Linking CXX executable cmTC_cb099
/usr/bin/cmake -E cmake_link_script CMakeFiles/cmTC_cb099.dir/link.txt --verbose=1
/home/simon/setr/arm-cross-comp-env/arm-raspbian-linux-gnueabihf/bin/arm-raspbian-linux-gnueabihf-g++  --sysroot=/home/simon/setr/arm-cross-comp-env/arm-raspbian-linux-gnueabihf/arm-raspbian-linux-gnueabihf/sysroot  -Wl,-rpath-link,/home/simon/setr/arm-cross-comp-env/arm-raspbian-linux-gnueabihf/arm-raspbian-linux-gnueabihf/sysroot/opt/vc/lib -Wl,-rpath-link,/home/simon/setr/arm-cross-comp-env/arm-raspbian-linux-gnueabihf/arm-raspbian-linux-gnueabihf/sysroot/lib/arm-linux-gnueabihf -Wl,-rpath-link,/home/simon/setr/arm-cross-comp-env/arm-raspbian-linux-gnueabihf/arm-raspbian-linux-gnueabihf/sysroot/usr/lib/arm-linux-gnueabihf -Wl,-rpath-link,/home/simon/setr/arm-cross-comp-env/arm-raspbian-linux-gnueabihf/arm-raspbian-linux-gnueabihf/sysroot/usr/local/lib    -v CMakeFiles/cmTC_cb099.dir/CMakeCXXCompilerABI.cpp.o  -o cmTC_cb099 -rdynamic  
Using built-in specs.
COLLECT_GCC=/home/simon/setr/arm-cross-comp-env/arm-raspbian-linux-gnueabihf/bin/arm-raspbian-linux-gnueabihf-g++
COLLECT_LTO_WRAPPER=/home/simon/setr/arm-cross-comp-env/arm-raspbian-linux-gnueabihf/bin/../libexec/gcc/arm-raspbian-linux-gnueabihf/6.4.0/lto-wrapper
Target: arm-raspbian-linux-gnueabihf
Configured with: /home/simon/crosstool-ng/.build/arm-raspbian-linux-gnueabihf/src/gcc/configure --build=x86_64-build_pc-linux-gnu --host=x86_64-build_pc-linux-gnu --target=arm-raspbian-linux-gnueabihf --prefix=/home/simon/arm-cross-comp-env/arm-raspbian-linux-gnueabihf --with-sysroot=/home/simon/arm-cross-comp-env/arm-raspbian-linux-gnueabihf/arm-raspbian-linux-gnueabihf/sysroot --enable-languages=c,c++ --with-pkgversion='crosstool-NG crosstool-ng-1.23.0-296-gba165ed' --enable-__cxa_atexit --enable-libmudflap --enable-libgomp --enable-libssp --enable-libquadmath --enable-libquadmath-support --enable-libsanitizer --disable-libmpx --with-gmp=/home/simon/crosstool-ng/.build/arm-raspbian-linux-gnueabihf/buildtools --with-mpfr=/home/simon/crosstool-ng/.build/arm-raspbian-linux-gnueabihf/buildtools --with-mpc=/home/simon/crosstool-ng/.build/arm-raspbian-linux-gnueabihf/buildtools --with-isl=/home/simon/crosstool-ng/.build/arm-raspbian-linux-gnueabihf/buildtools --disable-lto --with-host-libstdcxx='-static-libgcc -Wl,-Bstatic,-lstdc++ -lm' --enable-threads=posix --disable-plugin --disable-nls --enable-multiarch --with-local-prefix=/home/simon/arm-cross-comp-env/arm-raspbian-linux-gnueabihf/arm-raspbian-linux-gnueabihf/sysroot --enable-long-long --with-arch=armv6 --with-float=hard --with-fpu=vfp --enable-libstdcxx-debug --enable-libstdcxx-time=yes --enable-version-specific-runtime-libs
Thread model: posix
gcc version 6.4.0 (crosstool-NG crosstool-ng-1.23.0-296-gba165ed) 
COMPILER_PATH=/home/simon/setr/arm-cross-comp-env/arm-raspbian-linux-gnueabihf/bin/../libexec/gcc/arm-raspbian-linux-gnueabihf/6.4.0/:/home/simon/setr/arm-cross-comp-env/arm-raspbian-linux-gnueabihf/bin/../libexec/gcc/:/home/simon/setr/arm-cross-comp-env/arm-raspbian-linux-gnueabihf/bin/../lib/gcc/arm-raspbian-linux-gnueabihf/6.4.0/../../../../arm-raspbian-linux-gnueabihf/bin/
LIBRARY_PATH=/home/simon/setr/arm-cross-comp-env/arm-raspbian-linux-gnueabihf/bin/../lib/gcc/arm-raspbian-linux-gnueabihf/6.4.0/:/home/simon/setr/arm-cross-comp-env/arm-raspbian-linux-gnueabihf/bin/../lib/gcc/:/home/simon/setr/arm-cross-comp-env/arm-raspbian-linux-gnueabihf/arm-raspbian-linux-gnueabihf/sysroot/lib/arm-linux-gnueabihf/:/home/simon/setr/arm-cross-comp-env/arm-raspbian-linux-gnueabihf/arm-raspbian-linux-gnueabihf/sysroot/lib/:/home/simon/setr/arm-cross-comp-env/arm-raspbian-linux-gnueabihf/arm-raspbian-linux-gnueabihf/sysroot/usr/lib/arm-linux-gnueabihf/:/home/simon/setr/arm-cross-comp-env/arm-raspbian-linux-gnueabihf/arm-raspbian-linux-gnueabihf/sysroot/usr/lib/
COLLECT_GCC_OPTIONS='-v' '-o' 'cmTC_cb099' '-rdynamic' '-shared-libgcc' '-march=armv6' '-mfloat-abi=hard' '-mfpu=vfp' '-mtls-dialect=gnu'
 /home/simon/setr/arm-cross-comp-env/arm-raspbian-linux-gnueabihf/bin/../libexec/gcc/arm-raspbian-linux-gnueabihf/6.4.0/collect2 --sysroot=/home/simon/setr/arm-cross-comp-env/arm-raspbian-linux-gnueabihf/arm-raspbian-linux-gnueabihf/sysroot --eh-frame-hdr -export-dynamic -dynamic-linker /lib/ld-linux-armhf.so.3 -X -m armelf_linux_eabi -o cmTC_cb099 /home/simon/setr/arm-cross-comp-env/arm-raspbian-linux-gnueabihf/arm-raspbian-linux-gnueabihf/sysroot/usr/lib/arm-linux-gnueabihf/crt1.o /home/simon/setr/arm-cross-comp-env/arm-raspbian-linux-gnueabihf/arm-raspbian-linux-gnueabihf/sysroot/usr/lib/arm-linux-gnueabihf/crti.o /home/simon/setr/arm-cross-comp-env/arm-raspbian-linux-gnueabihf/bin/../lib/gcc/arm-raspbian-linux-gnueabihf/6.4.0/crtbegin.o -L/home/simon/setr/arm-cross-comp-env/arm-raspbian-linux-gnueabihf/bin/../lib/gcc/arm-raspbian-linux-gnueabihf/6.4.0 -L/home/simon/setr/arm-cross-comp-env/arm-raspbian-linux-gnueabihf/bin/../lib/gcc -L/home/simon/setr/arm-cross-comp-env/arm-raspbian-linux-gnueabihf/arm-raspbian-linux-gnueabihf/sysroot/lib/arm-linux-gnueabihf -L/home/simon/setr/arm-cross-comp-env/arm-raspbian-linux-gnueabihf/arm-raspbian-linux-gnueabihf/sysroot/lib -L/home/simon/setr/arm-cross-comp-env/arm-raspbian-linux-gnueabihf/arm-raspbian-linux-gnueabihf/sysroot/usr/lib/arm-linux-gnueabihf -L/home/simon/setr/arm-cross-comp-env/arm-raspbian-linux-gnueabihf/arm-raspbian-linux-gnueabihf/sysroot/usr/lib -rpath-link /home/simon/setr/arm-cross-comp-env/arm-raspbian-linux-gnueabihf/arm-raspbian-linux-gnueabihf/sysroot/opt/vc/lib -rpath-link /home/simon/setr/arm-cross-comp-env/arm-raspbian-linux-gnueabihf/arm-raspbian-linux-gnueabihf/sysroot/lib/arm-linux-gnueabihf -rpath-link /home/simon/setr/arm-cross-comp-env/arm-raspbian-linux-gnueabihf/arm-raspbian-linux-gnueabihf/sysroot/usr/lib/arm-linux-gnueabihf -rpath-link /home/simon/setr/arm-cross-comp-env/arm-raspbian-linux-gnueabihf/arm-raspbian-linux-gnueabihf/sysroot/usr/local/lib CMakeFiles/cmTC_cb099.dir/CMakeCXXCompilerABI.cpp.o -lstdc++ -lm -lgcc_s -lgcc -lc -lgcc_s -lgcc /home/simon/setr/arm-cross-comp-env/arm-raspbian-linux-gnueabihf/bin/../lib/gcc/arm-raspbian-linux-gnueabihf/6.4.0/crtend.o /home/simon/setr/arm-cross-comp-env/arm-raspbian-linux-gnueabihf/arm-raspbian-linux-gnueabihf/sysroot/usr/lib/arm-linux-gnueabihf/crtn.o
COLLECT_GCC_OPTIONS='-v' '-o' 'cmTC_cb099' '-rdynamic' '-shared-libgcc' '-march=armv6' '-mfloat-abi=hard' '-mfpu=vfp' '-mtls-dialect=gnu'
make[1]: Leaving directory '/home/simon/setr/Projets/laboratoire2/daemonFuse/build/CMakeFiles/CMakeTmp'


Parsed CXX implicit link information from above output:
  link line regex: [^( *|.*[/\])(arm-raspbian-linux-gnueabihf-ld|([^/\]+-)?ld|collect2)[^/\]*( |$)]
  ignore line: [Change Dir: /home/simon/setr/Projets/laboratoire2/daemonFuse/build/CMakeFiles/CMakeTmp]
  ignore line: []
  ignore line: [Run Build Command:"/usr/bin/make" "cmTC_cb099/fast"]
  ignore line: [/usr/bin/make -f CMakeFiles/cmTC_cb099.dir/build.make CMakeFiles/cmTC_cb099.dir/build]
  ignore line: [make[1]: Entering directory '/home/simon/setr/Projets/laboratoire2/daemonFuse/build/CMakeFiles/CMakeTmp']
  ignore line: [Building CXX object CMakeFiles/cmTC_cb099.dir/CMakeCXXCompilerABI.cpp.o]
  ignore line: [/home/simon/setr/arm-cross-comp-env/arm-raspbian-linux-gnueabihf/bin/arm-raspbian-linux-gnueabihf-g++  --sysroot=/home/simon/setr/arm-cross-comp-env/arm-raspbian-linux-gnueabihf/arm-raspbian-linux-gnueabihf/sysroot    -Wl,-rpath-link,/home/simon/setr/arm-cross-comp-env/arm-raspbian-linux-gnueabihf/arm-raspbian-linux-gnueabihf/sysroot/opt/vc/lib -Wl,-rpath-link,/home/simon/setr/arm-cross-comp-env/arm-raspbian-linux-gnueabihf/arm-raspbian-linux-gnueabihf/sysroot/lib/arm-linux-gnueabihf -Wl,-rpath-link,/home/simon/setr/arm-cross-comp-env/arm-raspbian-linux-gnueabihf/arm-raspbian-linux-gnueabihf/sysroot/usr/lib/arm-linux-gnueabihf -Wl,-rpath-link,/home/simon/setr/arm-cross-comp-env/arm-raspbian-linux-gnueabihf/arm-raspbian-linux-gnueabihf/sysroot/usr/local/lib    -o CMakeFiles/cmTC_cb099.dir/CMakeCXXCompilerABI.cpp.o -c /usr/share/cmake-3.5/Modules/CMakeCXXCompilerABI.cpp]
  ignore line: [Linking CXX executable cmTC_cb099]
  ignore line: [/usr/bin/cmake -E cmake_link_script CMakeFiles/cmTC_cb099.dir/link.txt --verbose=1]
  ignore line: [/home/simon/setr/arm-cross-comp-env/arm-raspbian-linux-gnueabihf/bin/arm-raspbian-linux-gnueabihf-g++  --sysroot=/home/simon/setr/arm-cross-comp-env/arm-raspbian-linux-gnueabihf/arm-raspbian-linux-gnueabihf/sysroot  -Wl,-rpath-link,/home/simon/setr/arm-cross-comp-env/arm-raspbian-linux-gnueabihf/arm-raspbian-linux-gnueabihf/sysroot/opt/vc/lib -Wl,-rpath-link,/home/simon/setr/arm-cross-comp-env/arm-raspbian-linux-gnueabihf/arm-raspbian-linux-gnueabihf/sysroot/lib/arm-linux-gnueabihf -Wl,-rpath-link,/home/simon/setr/arm-cross-comp-env/arm-raspbian-linux-gnueabihf/arm-raspbian-linux-gnueabihf/sysroot/usr/lib/arm-linux-gnueabihf -Wl,-rpath-link,/home/simon/setr/arm-cross-comp-env/arm-raspbian-linux-gnueabihf/arm-raspbian-linux-gnueabihf/sysroot/usr/local/lib    -v CMakeFiles/cmTC_cb099.dir/CMakeCXXCompilerABI.cpp.o  -o cmTC_cb099 -rdynamic  ]
  ignore line: [Using built-in specs.]
  ignore line: [COLLECT_GCC=/home/simon/setr/arm-cross-comp-env/arm-raspbian-linux-gnueabihf/bin/arm-raspbian-linux-gnueabihf-g++]
  ignore line: [COLLECT_LTO_WRAPPER=/home/simon/setr/arm-cross-comp-env/arm-raspbian-linux-gnueabihf/bin/../libexec/gcc/arm-raspbian-linux-gnueabihf/6.4.0/lto-wrapper]
  ignore line: [Target: arm-raspbian-linux-gnueabihf]
  ignore line: [Configured with: /home/simon/crosstool-ng/.build/arm-raspbian-linux-gnueabihf/src/gcc/configure --build=x86_64-build_pc-linux-gnu --host=x86_64-build_pc-linux-gnu --target=arm-raspbian-linux-gnueabihf --prefix=/home/simon/arm-cross-comp-env/arm-raspbian-linux-gnueabihf --with-sysroot=/home/simon/arm-cross-comp-env/arm-raspbian-linux-gnueabihf/arm-raspbian-linux-gnueabihf/sysroot --enable-languages=c,c++ --with-pkgversion='crosstool-NG crosstool-ng-1.23.0-296-gba165ed' --enable-__cxa_atexit --enable-libmudflap --enable-libgomp --enable-libssp --enable-libquadmath --enable-libquadmath-support --enable-libsanitizer --disable-libmpx --with-gmp=/home/simon/crosstool-ng/.build/arm-raspbian-linux-gnueabihf/buildtools --with-mpfr=/home/simon/crosstool-ng/.build/arm-raspbian-linux-gnueabihf/buildtools --with-mpc=/home/simon/crosstool-ng/.build/arm-raspbian-linux-gnueabihf/buildtools --with-isl=/home/simon/crosstool-ng/.build/arm-raspbian-linux-gnueabihf/buildtools --disable-lto --with-host-libstdcxx='-static-libgcc -Wl,-Bstatic,-lstdc++ -lm' --enable-threads=posix --disable-plugin --disable-nls --enable-multiarch --with-local-prefix=/home/simon/arm-cross-comp-env/arm-raspbian-linux-gnueabihf/arm-raspbian-linux-gnueabihf/sysroot --enable-long-long --with-arch=armv6 --with-float=hard --with-fpu=vfp --enable-libstdcxx-debug --enable-libstdcxx-time=yes --enable-version-specific-runtime-libs]
  ignore line: [Thread model: posix]
  ignore line: [gcc version 6.4.0 (crosstool-NG crosstool-ng-1.23.0-296-gba165ed) ]
  ignore line: [COMPILER_PATH=/home/simon/setr/arm-cross-comp-env/arm-raspbian-linux-gnueabihf/bin/../libexec/gcc/arm-raspbian-linux-gnueabihf/6.4.0/:/home/simon/setr/arm-cross-comp-env/arm-raspbian-linux-gnueabihf/bin/../libexec/gcc/:/home/simon/setr/arm-cross-comp-env/arm-raspbian-linux-gnueabihf/bin/../lib/gcc/arm-raspbian-linux-gnueabihf/6.4.0/../../../../arm-raspbian-linux-gnueabihf/bin/]
  ignore line: [LIBRARY_PATH=/home/simon/setr/arm-cross-comp-env/arm-raspbian-linux-gnueabihf/bin/../lib/gcc/arm-raspbian-linux-gnueabihf/6.4.0/:/home/simon/setr/arm-cross-comp-env/arm-raspbian-linux-gnueabihf/bin/../lib/gcc/:/home/simon/setr/arm-cross-comp-env/arm-raspbian-linux-gnueabihf/arm-raspbian-linux-gnueabihf/sysroot/lib/arm-linux-gnueabihf/:/home/simon/setr/arm-cross-comp-env/arm-raspbian-linux-gnueabihf/arm-raspbian-linux-gnueabihf/sysroot/lib/:/home/simon/setr/arm-cross-comp-env/arm-raspbian-linux-gnueabihf/arm-raspbian-linux-gnueabihf/sysroot/usr/lib/arm-linux-gnueabihf/:/home/simon/setr/arm-cross-comp-env/arm-raspbian-linux-gnueabihf/arm-raspbian-linux-gnueabihf/sysroot/usr/lib/]
  ignore line: [COLLECT_GCC_OPTIONS='-v' '-o' 'cmTC_cb099' '-rdynamic' '-shared-libgcc' '-march=armv6' '-mfloat-abi=hard' '-mfpu=vfp' '-mtls-dialect=gnu']
  link line: [ /home/simon/setr/arm-cross-comp-env/arm-raspbian-linux-gnueabihf/bin/../libexec/gcc/arm-raspbian-linux-gnueabihf/6.4.0/collect2 --sysroot=/home/simon/setr/arm-cross-comp-env/arm-raspbian-linux-gnueabihf/arm-raspbian-linux-gnueabihf/sysroot --eh-frame-hdr -export-dynamic -dynamic-linker /lib/ld-linux-armhf.so.3 -X -m armelf_linux_eabi -o cmTC_cb099 /home/simon/setr/arm-cross-comp-env/arm-raspbian-linux-gnueabihf/arm-raspbian-linux-gnueabihf/sysroot/usr/lib/arm-linux-gnueabihf/crt1.o /home/simon/setr/arm-cross-comp-env/arm-raspbian-linux-gnueabihf/arm-raspbian-linux-gnueabihf/sysroot/usr/lib/arm-linux-gnueabihf/crti.o /home/simon/setr/arm-cross-comp-env/arm-raspbian-linux-gnueabihf/bin/../lib/gcc/arm-raspbian-linux-gnueabihf/6.4.0/crtbegin.o -L/home/simon/setr/arm-cross-comp-env/arm-raspbian-linux-gnueabihf/bin/../lib/gcc/arm-raspbian-linux-gnueabihf/6.4.0 -L/home/simon/setr/arm-cross-comp-env/arm-raspbian-linux-gnueabihf/bin/../lib/gcc -L/home/simon/setr/arm-cross-comp-env/arm-raspbian-linux-gnueabihf/arm-raspbian-linux-gnueabihf/sysroot/lib/arm-linux-gnueabihf -L/home/simon/setr/arm-cross-comp-env/arm-raspbian-linux-gnueabihf/arm-raspbian-linux-gnueabihf/sysroot/lib -L/home/simon/setr/arm-cross-comp-env/arm-raspbian-linux-gnueabihf/arm-raspbian-linux-gnueabihf/sysroot/usr/lib/arm-linux-gnueabihf -L/home/simon/setr/arm-cross-comp-env/arm-raspbian-linux-gnueabihf/arm-raspbian-linux-gnueabihf/sysroot/usr/lib -rpath-link /home/simon/setr/arm-cross-comp-env/arm-raspbian-linux-gnueabihf/arm-raspbian-linux-gnueabihf/sysroot/opt/vc/lib -rpath-link /home/simon/setr/arm-cross-comp-env/arm-raspbian-linux-gnueabihf/arm-raspbian-linux-gnueabihf/sysroot/lib/arm-linux-gnueabihf -rpath-link /home/simon/setr/arm-cross-comp-env/arm-raspbian-linux-gnueabihf/arm-raspbian-linux-gnueabihf/sysroot/usr/lib/arm-linux-gnueabihf -rpath-link /home/simon/setr/arm-cross-comp-env/arm-raspbian-linux-gnueabihf/arm-raspbian-linux-gnueabihf/sysroot/usr/local/lib CMakeFiles/cmTC_cb099.dir/CMakeCXXCompilerABI.cpp.o -lstdc++ -lm -lgcc_s -lgcc -lc -lgcc_s -lgcc /home/simon/setr/arm-cross-comp-env/arm-raspbian-linux-gnueabihf/bin/../lib/gcc/arm-raspbian-linux-gnueabihf/6.4.0/crtend.o /home/simon/setr/arm-cross-comp-env/arm-raspbian-linux-gnueabihf/arm-raspbian-linux-gnueabihf/sysroot/usr/lib/arm-linux-gnueabihf/crtn.o]
    arg [/home/simon/setr/arm-cross-comp-env/arm-raspbian-linux-gnueabihf/bin/../libexec/gcc/arm-raspbian-linux-gnueabihf/6.4.0/collect2] ==> ignore
    arg [--sysroot=/home/simon/setr/arm-cross-comp-env/arm-raspbian-linux-gnueabihf/arm-raspbian-linux-gnueabihf/sysroot] ==> ignore
    arg [--eh-frame-hdr] ==> ignore
    arg [-export-dynamic] ==> ignore
    arg [-dynamic-linker] ==> ignore
    arg [/lib/ld-linux-armhf.so.3] ==> ignore
    arg [-X] ==> ignore
    arg [-m] ==> ignore
    arg [armelf_linux_eabi] ==> ignore
    arg [-o] ==> ignore
    arg [cmTC_cb099] ==> ignore
    arg [/home/simon/setr/arm-cross-comp-env/arm-raspbian-linux-gnueabihf/arm-raspbian-linux-gnueabihf/sysroot/usr/lib/arm-linux-gnueabihf/crt1.o] ==> ignore
    arg [/home/simon/setr/arm-cross-comp-env/arm-raspbian-linux-gnueabihf/arm-raspbian-linux-gnueabihf/sysroot/usr/lib/arm-linux-gnueabihf/crti.o] ==> ignore
    arg [/home/simon/setr/arm-cross-comp-env/arm-raspbian-linux-gnueabihf/bin/../lib/gcc/arm-raspbian-linux-gnueabihf/6.4.0/crtbegin.o] ==> ignore
    arg [-L/home/simon/setr/arm-cross-comp-env/arm-raspbian-linux-gnueabihf/bin/../lib/gcc/arm-raspbian-linux-gnueabihf/6.4.0] ==> dir [/home/simon/setr/arm-cross-comp-env/arm-raspbian-linux-gnueabihf/bin/../lib/gcc/arm-raspbian-linux-gnueabihf/6.4.0]
    arg [-L/home/simon/setr/arm-cross-comp-env/arm-raspbian-linux-gnueabihf/bin/../lib/gcc] ==> dir [/home/simon/setr/arm-cross-comp-env/arm-raspbian-linux-gnueabihf/bin/../lib/gcc]
    arg [-L/home/simon/setr/arm-cross-comp-env/arm-raspbian-linux-gnueabihf/arm-raspbian-linux-gnueabihf/sysroot/lib/arm-linux-gnueabihf] ==> dir [/home/simon/setr/arm-cross-comp-env/arm-raspbian-linux-gnueabihf/arm-raspbian-linux-gnueabihf/sysroot/lib/arm-linux-gnueabihf]
    arg [-L/home/simon/setr/arm-cross-comp-env/arm-raspbian-linux-gnueabihf/arm-raspbian-linux-gnueabihf/sysroot/lib] ==> dir [/home/simon/setr/arm-cross-comp-env/arm-raspbian-linux-gnueabihf/arm-raspbian-linux-gnueabihf/sysroot/lib]
    arg [-L/home/simon/setr/arm-cross-comp-env/arm-raspbian-linux-gnueabihf/arm-raspbian-linux-gnueabihf/sysroot/usr/lib/arm-linux-gnueabihf] ==> dir [/home/simon/setr/arm-cross-comp-env/arm-raspbian-linux-gnueabihf/arm-raspbian-linux-gnueabihf/sysroot/usr/lib/arm-linux-gnueabihf]
    arg [-L/home/simon/setr/arm-cross-comp-env/arm-raspbian-linux-gnueabihf/arm-raspbian-linux-gnueabihf/sysroot/usr/lib] ==> dir [/home/simon/setr/arm-cross-comp-env/arm-raspbian-linux-gnueabihf/arm-raspbian-linux-gnueabihf/sysroot/usr/lib]
    arg [-rpath-link] ==> ignore
    arg [/home/simon/setr/arm-cross-comp-env/arm-raspbian-linux-gnueabihf/arm-raspbian-linux-gnueabihf/sysroot/opt/vc/lib] ==> ignore
    arg [-rpath-link] ==> ignore
    arg [/home/simon/setr/arm-cross-comp-env/arm-raspbian-linux-gnueabihf/arm-raspbian-linux-gnueabihf/sysroot/lib/arm-linux-gnueabihf] ==> ignore
    arg [-rpath-link] ==> ignore
    arg [/home/simon/setr/arm-cross-comp-env/arm-raspbian-linux-gnueabihf/arm-raspbian-linux-gnueabihf/sysroot/usr/lib/arm-linux-gnueabihf] ==> ignore
    arg [-rpath-link] ==> ignore
    arg [/home/simon/setr/arm-cross-comp-env/arm-raspbian-linux-gnueabihf/arm-raspbian-linux-gnueabihf/sysroot/usr/local/lib] ==> ignore
    arg [CMakeFiles/cmTC_cb099.dir/CMakeCXXCompilerABI.cpp.o] ==> ignore
    arg [-lstdc++] ==> lib [stdc++]
    arg [-lm] ==> lib [m]
    arg [-lgcc_s] ==> lib [gcc_s]
    arg [-lgcc] ==> lib [gcc]
    arg [-lc] ==> lib [c]
    arg [-lgcc_s] ==> lib [gcc_s]
    arg [-lgcc] ==> lib [gcc]
    arg [/home/simon/setr/arm-cross-comp-env/arm-raspbian-linux-gnueabihf/bin/../lib/gcc/arm-raspbian-linux-gnueabihf/6.4.0/crtend.o] ==> ignore
    arg [/home/simon/setr/arm-cross-comp-env/arm-raspbian-linux-gnueabihf/arm-raspbian-linux-gnueabihf/sysroot/usr/lib/arm-linux-gnueabihf/crtn.o] ==> ignore
  remove lib [gcc_s]
  remove lib [gcc]
  remove lib [gcc_s]
  remove lib [gcc]
  collapse library dir [/home/simon/setr/arm-cross-comp-env/arm-raspbian-linux-gnueabihf/bin/../lib/gcc/arm-raspbian-linux-gnueabihf/6.4.0] ==> [/home/simon/setr/arm-cross-comp-env/arm-raspbian-linux-gnueabihf/lib/gcc/arm-raspbian-linux-gnueabihf/6.4.0]
  collapse library dir [/home/simon/setr/arm-cross-comp-env/arm-raspbian-linux-gnueabihf/bin/../lib/gcc] ==> [/home/simon/setr/arm-cross-comp-env/arm-raspbian-linux-gnueabihf/lib/gcc]
  collapse library dir [/home/simon/setr/arm-cross-comp-env/arm-raspbian-linux-gnueabihf/arm-raspbian-linux-gnueabihf/sysroot/lib/arm-linux-gnueabihf] ==> [/home/simon/setr/arm-cross-comp-env/arm-raspbian-linux-gnueabihf/arm-raspbian-linux-gnueabihf/sysroot/lib/arm-linux-gnueabihf]
  collapse library dir [/home/simon/setr/arm-cross-comp-env/arm-raspbian-linux-gnueabihf/arm-raspbian-linux-gnueabihf/sysroot/lib] ==> [/home/simon/setr/arm-cross-comp-env/arm-raspbian-linux-gnueabihf/arm-raspbian-linux-gnueabihf/sysroot/lib]
  collapse library dir [/home/simon/setr/arm-cross-comp-env/arm-raspbian-linux-gnueabihf/arm-raspbian-linux-gnueabihf/sysroot/usr/lib/arm-linux-gnueabihf] ==> [/home/simon/setr/arm-cross-comp-env/arm-raspbian-linux-gnueabihf/arm-raspbian-linux-gnueabihf/sysroot/usr/lib/arm-linux-gnueabihf]
  collapse library dir [/home/simon/setr/arm-cross-comp-env/arm-raspbian-linux-gnueabihf/arm-raspbian-linux-gnueabihf/sysroot/usr/lib] ==> [/home/simon/setr/arm-cross-comp-env/arm-raspbian-linux-gnueabihf/arm-raspbian-linux-gnueabihf/sysroot/usr/lib]
  implicit libs: [stdc++;m;c]
  implicit dirs: [/home/simon/setr/arm-cross-comp-env/arm-raspbian-linux-gnueabihf/lib/gcc/arm-raspbian-linux-gnueabihf/6.4.0;/home/simon/setr/arm-cross-comp-env/arm-raspbian-linux-gnueabihf/lib/gcc;/home/simon/setr/arm-cross-comp-env/arm-raspbian-linux-gnueabihf/arm-raspbian-linux-gnueabihf/sysroot/lib/arm-linux-gnueabihf;/home/simon/setr/arm-cross-comp-env/arm-raspbian-linux-gnueabihf/arm-raspbian-linux-gnueabihf/sysroot/lib;/home/simon/setr/arm-cross-comp-env/arm-raspbian-linux-gnueabihf/arm-raspbian-linux-gnueabihf/sysroot/usr/lib/arm-linux-gnueabihf;/home/simon/setr/arm-cross-comp-env/arm-raspbian-linux-gnueabihf/arm-raspbian-linux-gnueabihf/sysroot/usr/lib]
  implicit fwks: []




Detecting CXX [-std=c++14] compiler features compiled with the following output:
Change Dir: /home/simon/setr/Projets/laboratoire2/daemonFuse/build/CMakeFiles/CMakeTmp

Run Build Command:"/usr/bin/make" "cmTC_52339/fast"
/usr/bin/make -f CMakeFiles/cmTC_52339.dir/build.make CMakeFiles/cmTC_52339.dir/build
make[1]: Entering directory '/home/simon/setr/Projets/laboratoire2/daemonFuse/build/CMakeFiles/CMakeTmp'
Building CXX object CMakeFiles/cmTC_52339.dir/feature_tests.cxx.o
/home/simon/setr/arm-cross-comp-env/arm-raspbian-linux-gnueabihf/bin/arm-raspbian-linux-gnueabihf-g++  --sysroot=/home/simon/setr/arm-cross-comp-env/arm-raspbian-linux-gnueabihf/arm-raspbian-linux-gnueabihf/sysroot    -Wl,-rpath-link,/home/simon/setr/arm-cross-comp-env/arm-raspbian-linux-gnueabihf/arm-raspbian-linux-gnueabihf/sysroot/opt/vc/lib -Wl,-rpath-link,/home/simon/setr/arm-cross-comp-env/arm-raspbian-linux-gnueabihf/arm-raspbian-linux-gnueabihf/sysroot/lib/arm-linux-gnueabihf -Wl,-rpath-link,/home/simon/setr/arm-cross-comp-env/arm-raspbian-linux-gnueabihf/arm-raspbian-linux-gnueabihf/sysroot/usr/lib/arm-linux-gnueabihf -Wl,-rpath-link,/home/simon/setr/arm-cross-comp-env/arm-raspbian-linux-gnueabihf/arm-raspbian-linux-gnueabihf/sysroot/usr/local/lib    -std=c++14 -o CMakeFiles/cmTC_52339.dir/feature_tests.cxx.o -c /home/simon/setr/Projets/laboratoire2/daemonFuse/build/CMakeFiles/feature_tests.cxx
Linking CXX executable cmTC_52339
/usr/bin/cmake -E cmake_link_script CMakeFiles/cmTC_52339.dir/link.txt --verbose=1
/home/simon/setr/arm-cross-comp-env/arm-raspbian-linux-gnueabihf/bin/arm-raspbian-linux-gnueabihf-g++  --sysroot=/home/simon/setr/arm-cross-comp-env/arm-raspbian-linux-gnueabihf/arm-raspbian-linux-gnueabihf/sysroot  -Wl,-rpath-link,/home/simon/setr/arm-cross-comp-env/arm-raspbian-linux-gnueabihf/arm-raspbian-linux-gnueabihf/sysroot/opt/vc/lib -Wl,-rpath-link,/home/simon/setr/arm-cross-comp-env/arm-raspbian-linux-gnueabihf/arm-raspbian-linux-gnueabihf/sysroot/lib/arm-linux-gnueabihf -Wl,-rpath-link,/home/simon/setr/arm-cross-comp-env/arm-raspbian-linux-gnueabihf/arm-raspbian-linux-gnueabihf/sysroot/usr/lib/arm-linux-gnueabihf -Wl,-rpath-link,/home/simon/setr/arm-cross-comp-env/arm-raspbian-linux-gnueabihf/arm-raspbian-linux-gnueabihf/sysroot/usr/local/lib     CMakeFiles/cmTC_52339.dir/feature_tests.cxx.o  -o cmTC_52339 -rdynamic 
make[1]: Leaving directory '/home/simon/setr/Projets/laboratoire2/daemonFuse/build/CMakeFiles/CMakeTmp'


    Feature record: CXX_FEATURE:1cxx_aggregate_default_initializers
    Feature record: CXX_FEATURE:1cxx_alias_templates
    Feature record: CXX_FEATURE:1cxx_alignas
    Feature record: CXX_FEATURE:1cxx_alignof
    Feature record: CXX_FEATURE:1cxx_attributes
    Feature record: CXX_FEATURE:1cxx_attribute_deprecated
    Feature record: CXX_FEATURE:1cxx_auto_type
    Feature record: CXX_FEATURE:1cxx_binary_literals
    Feature record: CXX_FEATURE:1cxx_constexpr
    Feature record: CXX_FEATURE:1cxx_contextual_conversions
    Feature record: CXX_FEATURE:1cxx_decltype
    Feature record: CXX_FEATURE:1cxx_decltype_auto
    Feature record: CXX_FEATURE:1cxx_decltype_incomplete_return_types
    Feature record: CXX_FEATURE:1cxx_default_function_template_args
    Feature record: CXX_FEATURE:1cxx_defaulted_functions
    Feature record: CXX_FEATURE:1cxx_defaulted_move_initializers
    Feature record: CXX_FEATURE:1cxx_delegating_constructors
    Feature record: CXX_FEATURE:1cxx_deleted_functions
    Feature record: CXX_FEATURE:1cxx_digit_separators
    Feature record: CXX_FEATURE:1cxx_enum_forward_declarations
    Feature record: CXX_FEATURE:1cxx_explicit_conversions
    Feature record: CXX_FEATURE:1cxx_extended_friend_declarations
    Feature record: CXX_FEATURE:1cxx_extern_templates
    Feature record: CXX_FEATURE:1cxx_final
    Feature record: CXX_FEATURE:1cxx_func_identifier
    Feature record: CXX_FEATURE:1cxx_generalized_initializers
    Feature record: CXX_FEATURE:1cxx_generic_lambdas
    Feature record: CXX_FEATURE:1cxx_inheriting_constructors
    Feature record: CXX_FEATURE:1cxx_inline_namespaces
    Feature record: CXX_FEATURE:1cxx_lambdas
    Feature record: CXX_FEATURE:1cxx_lambda_init_captures
    Feature record: CXX_FEATURE:1cxx_local_type_template_args
    Feature record: CXX_FEATURE:1cxx_long_long_type
    Feature record: CXX_FEATURE:1cxx_noexcept
    Feature record: CXX_FEATURE:1cxx_nonstatic_member_init
    Feature record: CXX_FEATURE:1cxx_nullptr
    Feature record: CXX_FEATURE:1cxx_override
    Feature record: CXX_FEATURE:1cxx_range_for
    Feature record: CXX_FEATURE:1cxx_raw_string_literals
    Feature record: CXX_FEATURE:1cxx_reference_qualified_functions
    Feature record: CXX_FEATURE:1cxx_relaxed_constexpr
    Feature record: CXX_FEATURE:1cxx_return_type_deduction
    Feature record: CXX_FEATURE:1cxx_right_angle_brackets
    Feature record: CXX_FEATURE:1cxx_rvalue_references
    Feature record: CXX_FEATURE:1cxx_sizeof_member
    Feature record: CXX_FEATURE:1cxx_static_assert
    Feature record: CXX_FEATURE:1cxx_strong_enums
    Feature record: CXX_FEATURE:1cxx_template_template_parameters
    Feature record: CXX_FEATURE:1cxx_thread_local
    Feature record: CXX_FEATURE:1cxx_trailing_return_types
    Feature record: CXX_FEATURE:1cxx_unicode_literals
    Feature record: CXX_FEATURE:1cxx_uniform_initialization
    Feature record: CXX_FEATURE:1cxx_unrestricted_unions
    Feature record: CXX_FEATURE:1cxx_user_literals
    Feature record: CXX_FEATURE:1cxx_variable_templates
    Feature record: CXX_FEATURE:1cxx_variadic_macros
    Feature record: CXX_FEATURE:1cxx_variadic_templates


Detecting CXX [-std=c++11] compiler features compiled with the following output:
Change Dir: /home/simon/setr/Projets/laboratoire2/daemonFuse/build/CMakeFiles/CMakeTmp

Run Build Command:"/usr/bin/make" "cmTC_24549/fast"
/usr/bin/make -f CMakeFiles/cmTC_24549.dir/build.make CMakeFiles/cmTC_24549.dir/build
make[1]: Entering directory '/home/simon/setr/Projets/laboratoire2/daemonFuse/build/CMakeFiles/CMakeTmp'
Building CXX object CMakeFiles/cmTC_24549.dir/feature_tests.cxx.o
/home/simon/setr/arm-cross-comp-env/arm-raspbian-linux-gnueabihf/bin/arm-raspbian-linux-gnueabihf-g++  --sysroot=/home/simon/setr/arm-cross-comp-env/arm-raspbian-linux-gnueabihf/arm-raspbian-linux-gnueabihf/sysroot    -Wl,-rpath-link,/home/simon/setr/arm-cross-comp-env/arm-raspbian-linux-gnueabihf/arm-raspbian-linux-gnueabihf/sysroot/opt/vc/lib -Wl,-rpath-link,/home/simon/setr/arm-cross-comp-env/arm-raspbian-linux-gnueabihf/arm-raspbian-linux-gnueabihf/sysroot/lib/arm-linux-gnueabihf -Wl,-rpath-link,/home/simon/setr/arm-cross-comp-env/arm-raspbian-linux-gnueabihf/arm-raspbian-linux-gnueabihf/sysroot/usr/lib/arm-linux-gnueabihf -Wl,-rpath-link,/home/simon/setr/arm-cross-comp-env/arm-raspbian-linux-gnueabihf/arm-raspbian-linux-gnueabihf/sysroot/usr/local/lib    -std=c++11 -o CMakeFiles/cmTC_24549.dir/feature_tests.cxx.o -c /home/simon/setr/Projets/laboratoire2/daemonFuse/build/CMakeFiles/feature_tests.cxx
Linking CXX executable cmTC_24549
/usr/bin/cmake -E cmake_link_script CMakeFiles/cmTC_24549.dir/link.txt --verbose=1
/home/simon/setr/arm-cross-comp-env/arm-raspbian-linux-gnueabihf/bin/arm-raspbian-linux-gnueabihf-g++  --sysroot=/home/simon/setr/arm-cross-comp-env/arm-raspbian-linux-gnueabihf/arm-raspbian-linux-gnueabihf/sysroot  -Wl,-rpath-link,/home/simon/setr/arm-cross-comp-env/arm-raspbian-linux-gnueabihf/arm-raspbian-linux-gnueabihf/sysroot/opt/vc/lib -Wl,-rpath-link,/home/simon/setr/arm-cross-comp-env/arm-raspbian-linux-gnueabihf/arm-raspbian-linux-gnueabihf/sysroot/lib/arm-linux-gnueabihf -Wl,-rpath-link,/home/simon/setr/arm-cross-comp-env/arm-raspbian-linux-gnueabihf/arm-raspbian-linux-gnueabihf/sysroot/usr/lib/arm-linux-gnueabihf -Wl,-rpath-link,/home/simon/setr/arm-cross-comp-env/arm-raspbian-linux-gnueabihf/arm-raspbian-linux-gnueabihf/sysroot/usr/local/lib     CMakeFiles/cmTC_24549.dir/feature_tests.cxx.o  -o cmTC_24549 -rdynamic 
make[1]: Leaving directory '/home/simon/setr/Projets/laboratoire2/daemonFuse/build/CMakeFiles/CMakeTmp'


    Feature record: CXX_FEATURE:0cxx_aggregate_default_initializers
    Feature record: CXX_FEATURE:1cxx_alias_templates
    Feature record: CXX_FEATURE:1cxx_alignas
    Feature record: CXX_FEATURE:1cxx_alignof
    Feature record: CXX_FEATURE:1cxx_attributes
    Feature record: CXX_FEATURE:0cxx_attribute_deprecated
    Feature record: CXX_FEATURE:1cxx_auto_type
    Feature record: CXX_FEATURE:0cxx_binary_literals
    Feature record: CXX_FEATURE:1cxx_constexpr
    Feature record: CXX_FEATURE:0cxx_contextual_conversions
    Feature record: CXX_FEATURE:1cxx_decltype
    Feature record: CXX_FEATURE:0cxx_decltype_auto
    Feature record: CXX_FEATURE:1cxx_decltype_incomplete_return_types
    Feature record: CXX_FEATURE:1cxx_default_function_template_args
    Feature record: CXX_FEATURE:1cxx_defaulted_functions
    Feature record: CXX_FEATURE:1cxx_defaulted_move_initializers
    Feature record: CXX_FEATURE:1cxx_delegating_constructors
    Feature record: CXX_FEATURE:1cxx_deleted_functions
    Feature record: CXX_FEATURE:0cxx_digit_separators
    Feature record: CXX_FEATURE:1cxx_enum_forward_declarations
    Feature record: CXX_FEATURE:1cxx_explicit_conversions
    Feature record: CXX_FEATURE:1cxx_extended_friend_declarations
    Feature record: CXX_FEATURE:1cxx_extern_templates
    Feature record: CXX_FEATURE:1cxx_final
    Feature record: CXX_FEATURE:1cxx_func_identifier
    Feature record: CXX_FEATURE:1cxx_generalized_initializers
    Feature record: CXX_FEATURE:0cxx_generic_lambdas
    Feature record: CXX_FEATURE:1cxx_inheriting_constructors
    Feature record: CXX_FEATURE:1cxx_inline_namespaces
    Feature record: CXX_FEATURE:1cxx_lambdas
    Feature record: CXX_FEATURE:0cxx_lambda_init_captures
    Feature record: CXX_FEATURE:1cxx_local_type_template_args
    Feature record: CXX_FEATURE:1cxx_long_long_type
    Feature record: CXX_FEATURE:1cxx_noexcept
    Feature record: CXX_FEATURE:1cxx_nonstatic_member_init
    Feature record: CXX_FEATURE:1cxx_nullptr
    Feature record: CXX_FEATURE:1cxx_override
    Feature record: CXX_FEATURE:1cxx_range_for
    Feature record: CXX_FEATURE:1cxx_raw_string_literals
    Feature record: CXX_FEATURE:1cxx_reference_qualified_functions
    Feature record: CXX_FEATURE:0cxx_relaxed_constexpr
    Feature record: CXX_FEATURE:0cxx_return_type_deduction
    Feature record: CXX_FEATURE:1cxx_right_angle_brackets
    Feature record: CXX_FEATURE:1cxx_rvalue_references
    Feature record: CXX_FEATURE:1cxx_sizeof_member
    Feature record: CXX_FEATURE:1cxx_static_assert
    Feature record: CXX_FEATURE:1cxx_strong_enums
    Feature record: CXX_FEATURE:1cxx_template_template_parameters
    Feature record: CXX_FEATURE:1cxx_thread_local
    Feature record: CXX_FEATURE:1cxx_trailing_return_types
    Feature record: CXX_FEATURE:1cxx_unicode_literals
    Feature record: CXX_FEATURE:1cxx_uniform_initialization
    Feature record: CXX_FEATURE:1cxx_unrestricted_unions
    Feature record: CXX_FEATURE:1cxx_user_literals
    Feature record: CXX_FEATURE:0cxx_variable_templates
    Feature record: CXX_FEATURE:1cxx_variadic_macros
    Feature record: CXX_FEATURE:1cxx_variadic_templates


Detecting CXX [-std=c++98] compiler features compiled with the following output:
Change Dir: /home/simon/setr/Projets/laboratoire2/daemonFuse/build/CMakeFiles/CMakeTmp

Run Build Command:"/usr/bin/make" "cmTC_07512/fast"
/usr/bin/make -f CMakeFiles/cmTC_07512.dir/build.make CMakeFiles/cmTC_07512.dir/build
make[1]: Entering directory '/home/simon/setr/Projets/laboratoire2/daemonFuse/build/CMakeFiles/CMakeTmp'
Building CXX object CMakeFiles/cmTC_07512.dir/feature_tests.cxx.o
/home/simon/setr/arm-cross-comp-env/arm-raspbian-linux-gnueabihf/bin/arm-raspbian-linux-gnueabihf-g++  --sysroot=/home/simon/setr/arm-cross-comp-env/arm-raspbian-linux-gnueabihf/arm-raspbian-linux-gnueabihf/sysroot    -Wl,-rpath-link,/home/simon/setr/arm-cross-comp-env/arm-raspbian-linux-gnueabihf/arm-raspbian-linux-gnueabihf/sysroot/opt/vc/lib -Wl,-rpath-link,/home/simon/setr/arm-cross-comp-env/arm-raspbian-linux-gnueabihf/arm-raspbian-linux-gnueabihf/sysroot/lib/arm-linux-gnueabihf -Wl,-rpath-link,/home/simon/setr/arm-cross-comp-env/arm-raspbian-linux-gnueabihf/arm-raspbian-linux-gnueabihf/sysroot/usr/lib/arm-linux-gnueabihf -Wl,-rpath-link,/home/simon/setr/arm-cross-comp-env/arm-raspbian-linux-gnueabihf/arm-raspbian-linux-gnueabihf/sysroot/usr/local/lib    -std=c++98 -o CMakeFiles/cmTC_07512.dir/feature_tests.cxx.o -c /home/simon/setr/Projets/laboratoire2/daemonFuse/build/CMakeFiles/feature_tests.cxx
Linking CXX executable cmTC_07512
/usr/bin/cmake -E cmake_link_script CMakeFiles/cmTC_07512.dir/link.txt --verbose=1
/home/simon/setr/arm-cross-comp-env/arm-raspbian-linux-gnueabihf/bin/arm-raspbian-linux-gnueabihf-g++  --sysroot=/home/simon/setr/arm-cross-comp-env/arm-raspbian-linux-gnueabihf/arm-raspbian-linux-gnueabihf/sysroot  -Wl,-rpath-link,/home/simon/setr/arm-cross-comp-env/arm-raspbian-linux-gnueabihf/arm-raspbian-linux-gnueabihf/sysroot/opt/vc/lib -Wl,-rpath-link,/home/simon/setr/arm-cross-comp-env/arm-raspbian-linux-gnueabihf/arm-raspbian-linux-gnueabihf/sysroot/lib/arm-linux-gnueabihf -Wl,-rpath-link,/home/simon/setr/arm-cross-comp-env/arm-raspbian-linux-gnueabihf/arm-raspbian-linux-gnueabihf/sysroot/usr/lib/arm-linux-gnueabihf -Wl,-rpath-link,/home/simon/setr/arm-cross-comp-env/arm-raspbian-linux-gnueabihf/arm-raspbian-linux-gnueabihf/sysroot/usr/local/lib     CMakeFiles/cmTC_07512.dir/feature_tests.cxx.o  -o cmTC_07512 -rdynamic 
make[1]: Leaving directory '/home/simon/setr/Projets/laboratoire2/daemonFuse/build/CMakeFiles/CMakeTmp'


    Feature record: CXX_FEATURE:0cxx_aggregate_default_initializers
    Feature record: CXX_FEATURE:0cxx_alias_templates
    Feature record: CXX_FEATURE:0cxx_alignas
    Feature record: CXX_FEATURE:0cxx_alignof
    Feature record: CXX_FEATURE:0cxx_attributes
    Feature record: CXX_FEATURE:0cxx_attribute_deprecated
    Feature record: CXX_FEATURE:0cxx_auto_type
    Feature record: CXX_FEATURE:0cxx_binary_literals
    Feature record: CXX_FEATURE:0cxx_constexpr
    Feature record: CXX_FEATURE:0cxx_contextual_conversions
    Feature record: CXX_FEATURE:0cxx_decltype
    Feature record: CXX_FEATURE:0cxx_decltype_auto
    Feature record: CXX_FEATURE:0cxx_decltype_incomplete_return_types
    Feature record: CXX_FEATURE:0cxx_default_function_template_args
    Feature record: CXX_FEATURE:0cxx_defaulted_functions
    Feature record: CXX_FEATURE:0cxx_defaulted_move_initializers
    Feature record: CXX_FEATURE:0cxx_delegating_constructors
    Feature record: CXX_FEATURE:0cxx_deleted_functions
    Feature record: CXX_FEATURE:0cxx_digit_separators
    Feature record: CXX_FEATURE:0cxx_enum_forward_declarations
    Feature record: CXX_FEATURE:0cxx_explicit_conversions
    Feature record: CXX_FEATURE:0cxx_extended_friend_declarations
    Feature record: CXX_FEATURE:0cxx_extern_templates
    Feature record: CXX_FEATURE:0cxx_final
    Feature record: CXX_FEATURE:0cxx_func_identifier
    Feature record: CXX_FEATURE:0cxx_generalized_initializers
    Feature record: CXX_FEATURE:0cxx_generic_lambdas
    Feature record: CXX_FEATURE:0cxx_inheriting_constructors
    Feature record: CXX_FEATURE:0cxx_inline_namespaces
    Feature record: CXX_FEATURE:0cxx_lambdas
    Feature record: CXX_FEATURE:0cxx_lambda_init_captures
    Feature record: CXX_FEATURE:0cxx_local_type_template_args
    Feature record: CXX_FEATURE:0cxx_long_long_type
    Feature record: CXX_FEATURE:0cxx_noexcept
    Feature record: CXX_FEATURE:0cxx_nonstatic_member_init
    Feature record: CXX_FEATURE:0cxx_nullptr
    Feature record: CXX_FEATURE:0cxx_override
    Feature record: CXX_FEATURE:0cxx_range_for
    Feature record: CXX_FEATURE:0cxx_raw_string_literals
    Feature record: CXX_FEATURE:0cxx_reference_qualified_functions
    Feature record: CXX_FEATURE:0cxx_relaxed_constexpr
    Feature record: CXX_FEATURE:0cxx_return_type_deduction
    Feature record: CXX_FEATURE:0cxx_right_angle_brackets
    Feature record: CXX_FEATURE:0cxx_rvalue_references
    Feature record: CXX_FEATURE:0cxx_sizeof_member
    Feature record: CXX_FEATURE:0cxx_static_assert
    Feature record: CXX_FEATURE:0cxx_strong_enums
    Feature record: CXX_FEATURE:1cxx_template_template_parameters
    Feature record: CXX_FEATURE:0cxx_thread_local
    Feature record: CXX_FEATURE:0cxx_trailing_return_types
    Feature record: CXX_FEATURE:0cxx_unicode_literals
    Feature record: CXX_FEATURE:0cxx_uniform_initialization
    Feature record: CXX_FEATURE:0cxx_unrestricted_unions
    Feature record: CXX_FEATURE:0cxx_user_literals
    Feature record: CXX_FEATURE:0cxx_variable_templates
    Feature record: CXX_FEATURE:0cxx_variadic_macros
    Feature record: CXX_FEATURE:0cxx_variadic_templates
